TN:
SF:src\services\projectService.ts
FN:1,(anonymous_1)
FN:11,crearProyectoService
FN:34,actualizarProyectoService
FN:57,listarProyectosService
FN:72,cargarProyectoService
FN:89,guardarTxtService
FN:105,nuevaVersionService
FN:127,eliminarProyectoService
FNF:8
FNH:8
FNDA:54,(anonymous_1)
FNDA:1,crearProyectoService
FNDA:1,actualizarProyectoService
FNDA:1,listarProyectosService
FNDA:1,cargarProyectoService
FNDA:1,guardarTxtService
FNDA:1,nuevaVersionService
FNDA:1,eliminarProyectoService
DA:1,190
DA:9,4
DA:11,4
DA:12,1
DA:13,1
DA:14,1
DA:15,1
DA:25,1
DA:26,1
DA:28,0
DA:29,0
DA:31,0
DA:34,4
DA:35,1
DA:36,1
DA:37,1
DA:48,1
DA:49,1
DA:51,0
DA:52,0
DA:54,0
DA:57,4
DA:58,1
DA:59,1
DA:60,1
DA:63,1
DA:64,1
DA:66,0
DA:67,0
DA:69,0
DA:72,4
DA:73,1
DA:74,1
DA:75,1
DA:79,1
DA:80,1
DA:83,0
DA:84,0
DA:86,0
DA:89,4
DA:90,1
DA:91,1
DA:92,1
DA:96,1
DA:97,1
DA:99,0
DA:100,0
DA:102,0
DA:105,4
DA:106,1
DA:107,1
DA:108,1
DA:109,1
DA:110,1
DA:111,1
DA:112,1
DA:118,1
DA:119,1
DA:121,0
DA:122,0
DA:124,0
DA:127,8
DA:128,1
DA:129,1
DA:130,1
DA:134,1
DA:135,1
DA:137,0
DA:138,0
DA:140,0
LF:70
LH:49
BRDA:1,0,0,32
BRDA:1,1,0,4
BRDA:1,1,1,4
BRDA:1,1,2,0
BRDA:1,2,0,56
BRDA:1,2,1,56
BRDA:61,3,0,1
BRDA:61,3,1,0
BRDA:127,4,0,4
BRDA:127,4,1,0
BRF:10
BRH:7
end_of_record
