TN:
SF:src\controllers\auth.controller.ts
FN:1,(anonymous_1)
FN:10,cookieOptions
FN:21,(anonymous_11)
FN:65,(anonymous_12)
FN:77,(anonymous_13)
FNF:5
FNH:5
FNDA:57,(anonymous_1)
FNDA:2,cookieOptions
FNDA:2,(anonymous_11)
FNDA:3,(anonymous_12)
FNDA:1,(anonymous_13)
DA:1,217
DA:3,5
DA:4,5
DA:5,5
DA:7,5
DA:8,5
DA:10,5
DA:11,2
DA:21,5
DA:22,2
DA:23,2
DA:24,2
DA:25,1
DA:29,1
DA:32,1
DA:46,1
DA:49,1
DA:57,1
DA:58,1
DA:60,0
DA:61,0
DA:65,5
DA:66,3
DA:67,3
DA:69,2
DA:70,2
DA:71,1
DA:73,1
DA:77,10
DA:78,1
DA:79,1
LF:31
LH:29
BRDA:1,0,0,35
BRDA:1,1,0,15
BRDA:1,1,1,15
BRDA:1,1,2,5
BRDA:1,2,0,65
BRDA:1,2,1,50
BRDA:14,3,0,0
BRDA:14,3,1,2
BRDA:23,4,0,2
BRDA:23,4,1,0
BRDA:24,5,0,1
BRDA:24,6,0,2
BRDA:24,6,1,2
BRDA:24,6,2,2
BRDA:44,7,0,1
BRDA:44,7,1,0
BRDA:44,8,0,1
BRDA:44,8,1,0
BRDA:44,9,0,1
BRDA:44,9,1,0
BRDA:52,10,0,1
BRDA:52,10,1,0
BRDA:53,11,0,1
BRDA:53,11,1,0
BRDA:54,12,0,1
BRDA:54,12,1,0
BRDA:60,13,0,0
BRDA:60,13,1,0
BRDA:67,14,0,1
BRDA:77,15,0,5
BRDA:77,15,1,0
BRF:31
BRH:20
end_of_record
TN:
SF:src\controllers\projectController.ts
FN:1,(anonymous_1)
FN:12,crearProyecto
FN:24,actualizarProyecto
FN:36,listarProyectos
FN:48,cargarProyecto
FN:60,guardarTXT
FN:79,nuevaVersion
FN:91,eliminarProyecto
FNF:8
FNH:2
FNDA:24,(anonymous_1)
FNDA:2,crearProyecto
FNDA:0,actualizarProyecto
FNDA:0,listarProyectos
FNDA:0,cargarProyecto
FNDA:0,guardarTXT
FNDA:0,nuevaVersion
FNDA:0,eliminarProyecto
DA:1,92
DA:10,2
DA:12,2
DA:13,2
DA:14,2
DA:15,2
DA:16,1
DA:17,1
DA:19,1
DA:21,2
DA:24,2
DA:25,0
DA:26,0
DA:27,0
DA:28,0
DA:29,0
DA:31,0
DA:33,0
DA:36,2
DA:37,0
DA:38,0
DA:39,0
DA:40,0
DA:41,0
DA:43,0
DA:45,0
DA:48,2
DA:49,0
DA:50,0
DA:51,0
DA:52,0
DA:53,0
DA:55,0
DA:57,0
DA:60,2
DA:61,0
DA:62,0
DA:63,0
DA:64,0
DA:65,0
DA:66,0
DA:70,0
DA:71,0
DA:72,0
DA:74,0
DA:76,0
DA:79,2
DA:80,0
DA:81,0
DA:82,0
DA:83,0
DA:84,0
DA:86,0
DA:88,0
DA:91,4
DA:92,0
DA:93,0
DA:94,0
DA:95,0
DA:96,0
DA:98,0
DA:100,0
LF:62
LH:16
BRDA:1,0,0,16
BRDA:1,1,0,2
BRDA:1,1,1,2
BRDA:1,1,2,0
BRDA:1,2,0,28
BRDA:1,2,1,28
BRDA:91,3,0,2
BRDA:91,3,1,0
BRF:8
BRH:6
end_of_record
TN:
SF:src\services\calculosService.ts
FN:1,(anonymous_1)
FN:69,getParametrosTerreno
FN:101,determinarClaseEstructura
FN:114,getParametrosPorCategoria
FN:116,(anonymous_35)
FN:126,getAlphaPorClase
FN:197,calculateArea
FN:204,calculateVolume
FN:211,calculateWeight
FN:222,calculateFrz
FN:229,calculateFalpha
FN:236,calculateVd
FN:243,calculateCorrection
FN:249,calculateQz
FN:256,calculatePressure
FN:263,calculateForce
FN:273,calculateFactorG
FN:289,calculateYCG
FN:302,calculateNFT
FN:365,calculateGradosInclinacionBrace
FN:398,determineTipoBrace
FN:461,calcularVientoMuro
FN:644,calcularVientoMuros
FN:645,(anonymous_54)
FN:652,getParametrosVientoDefecto
FN:671,calcularDistribucionBraces
FN:740,(anonymous_57)
FN:741,(anonymous_58)
FN:783,calcularInsertoCoordinates
FN:837,determinarTipoBrace
FN:896,calculateBraceForces
FNF:31
FNH:20
FNDA:65,(anonymous_1)
FNDA:2,getParametrosTerreno
FNDA:3,determinarClaseEstructura
FNDA:1,getParametrosPorCategoria
FNDA:2,(anonymous_35)
FNDA:1,getAlphaPorClase
FNDA:1,calculateArea
FNDA:1,calculateVolume
FNDA:1,calculateWeight
FNDA:1,calculateFrz
FNDA:1,calculateFalpha
FNDA:1,calculateVd
FNDA:1,calculateCorrection
FNDA:1,calculateQz
FNDA:1,calculatePressure
FNDA:1,calculateForce
FNDA:1,calculateFactorG
FNDA:2,calculateYCG
FNDA:1,calculateNFT
FNDA:1,calculateGradosInclinacionBrace
FNDA:0,determineTipoBrace
FNDA:0,calcularVientoMuro
FNDA:0,calcularVientoMuros
FNDA:0,(anonymous_54)
FNDA:0,getParametrosVientoDefecto
FNDA:0,calcularDistribucionBraces
FNDA:0,(anonymous_57)
FNDA:0,(anonymous_58)
FNDA:0,calcularInsertoCoordinates
FNDA:0,determinarTipoBrace
FNDA:0,calculateBraceForces
DA:1,156
DA:69,1
DA:70,2
DA:101,1
DA:102,3
DA:103,1
DA:104,2
DA:105,1
DA:107,1
DA:114,1
DA:115,1
DA:116,2
DA:117,1
DA:118,0
DA:120,1
DA:126,1
DA:127,1
DA:128,0
DA:129,1
DA:130,0
DA:131,0
DA:197,1
DA:198,1
DA:204,1
DA:205,1
DA:211,1
DA:212,1
DA:222,1
DA:223,1
DA:229,1
DA:230,1
DA:236,1
DA:237,1
DA:243,1
DA:244,1
DA:249,1
DA:250,1
DA:256,1
DA:257,1
DA:263,1
DA:264,1
DA:273,1
DA:275,1
DA:276,1
DA:277,1
DA:279,1
DA:280,1
DA:281,1
DA:282,1
DA:283,1
DA:284,1
DA:289,1
DA:290,2
DA:292,1
DA:294,1
DA:296,0
DA:302,1
DA:317,1
DA:318,1
DA:321,1
DA:323,1
DA:324,1
DA:325,1
DA:326,1
DA:327,1
DA:328,1
DA:331,1
DA:332,0
DA:333,1
DA:334,1
DA:337,1
DA:338,0
DA:339,1
DA:340,1
DA:343,1
DA:344,0
DA:345,1
DA:346,0
DA:349,1
DA:350,1
DA:352,1
DA:365,1
DA:370,1
DA:372,1
DA:377,1
DA:378,1
DA:380,1
DA:381,1
DA:382,1
DA:383,1
DA:386,1
DA:387,0
DA:388,1
DA:389,0
DA:391,1
DA:394,1
DA:398,1
DA:404,0
DA:405,0
DA:408,0
DA:409,0
DA:416,0
DA:417,0
DA:418,0
DA:419,0
DA:421,0
DA:422,0
DA:423,0
DA:427,0
DA:428,0
DA:429,0
DA:430,0
DA:432,0
DA:436,0
DA:437,0
DA:440,0
DA:441,0
DA:445,0
DA:446,0
DA:447,0
DA:449,0
DA:461,1
DA:462,0
DA:466,0
DA:467,0
DA:468,0
DA:470,0
DA:473,0
DA:476,0
DA:477,0
DA:478,0
DA:479,0
DA:480,0
DA:482,0
DA:483,0
DA:484,0
DA:487,0
DA:490,0
DA:491,0
DA:492,0
DA:495,0
DA:496,0
DA:497,0
DA:503,0
DA:506,0
DA:509,0
DA:512,0
DA:515,0
DA:518,0
DA:521,0
DA:524,0
DA:527,0
DA:530,0
DA:533,0
DA:536,0
DA:538,0
DA:539,0
DA:540,0
DA:541,0
DA:542,0
DA:545,0
DA:548,0
DA:555,0
DA:556,0
DA:559,0
DA:560,0
DA:562,0
DA:563,0
DA:564,0
DA:565,0
DA:566,0
DA:569,0
DA:572,0
DA:575,0
DA:576,0
DA:577,0
DA:581,0
DA:582,0
DA:586,0
DA:587,0
DA:590,0
DA:644,1
DA:645,0
DA:652,1
DA:653,0
DA:671,1
DA:678,0
DA:681,0
DA:689,0
DA:692,0
DA:693,0
DA:694,0
DA:699,0
DA:701,0
DA:702,0
DA:703,0
DA:705,0
DA:706,0
DA:710,0
DA:713,0
DA:714,0
DA:717,0
DA:718,0
DA:719,0
DA:723,0
DA:724,0
DA:725,0
DA:726,0
DA:730,0
DA:731,0
DA:732,0
DA:736,0
DA:739,0
DA:740,0
DA:741,0
DA:744,0
DA:747,0
DA:748,0
DA:749,0
DA:750,0
DA:752,0
DA:783,1
DA:789,0
DA:797,0
DA:800,0
DA:801,0
DA:805,0
DA:808,0
DA:809,0
DA:811,0
DA:812,0
DA:813,0
DA:815,0
DA:837,1
DA:844,0
DA:845,0
DA:848,0
DA:851,0
DA:852,0
DA:853,0
DA:854,0
DA:857,0
DA:858,0
DA:859,0
DA:860,0
DA:862,0
DA:863,0
DA:864,0
DA:865,0
DA:868,0
DA:869,0
DA:870,0
DA:871,0
DA:872,0
DA:873,0
DA:874,0
DA:875,0
DA:876,0
DA:878,0
DA:879,0
DA:896,2
DA:905,0
DA:907,0
DA:908,0
DA:909,0
DA:910,0
DA:911,0
DA:912,0
DA:913,0
DA:916,0
DA:917,0
DA:918,0
DA:934,0
DA:935,0
DA:936,0
DA:939,0
DA:940,0
DA:943,0
DA:951,0
DA:958,0
DA:959,0
DA:962,0
DA:963,0
DA:966,0
DA:967,0
DA:968,0
DA:984,0
DA:985,0
DA:988,0
DA:989,0
DA:990,0
DA:1006,0
DA:1007,0
DA:1011,0
DA:1012,0
DA:1015,0
DA:1016,0
DA:1019,0
DA:1020,0
DA:1024,0
DA:1025,0
DA:1026,0
DA:1028,0
DA:1029,0
DA:1032,0
DA:1033,0
DA:1034,0
DA:1035,0
DA:1037,0
DA:1041,0
DA:1043,0
DA:1044,0
DA:1045,0
DA:1046,0
DA:1047,0
DA:1050,0
LF:316
LH:93
BRDA:1,0,0,27
BRDA:1,1,0,1
BRDA:1,1,1,1
BRDA:1,1,2,0
BRDA:1,2,0,52
BRDA:1,2,1,52
BRDA:102,3,0,1
BRDA:102,3,1,2
BRDA:104,4,0,1
BRDA:104,4,1,1
BRDA:117,5,0,0
BRDA:127,6,0,0
BRDA:127,6,1,1
BRDA:127,6,2,0
BRDA:127,6,3,0
BRDA:211,7,0,1
BRDA:289,8,0,0
BRDA:290,9,0,1
BRDA:290,9,1,1
BRDA:290,9,2,0
BRDA:303,10,0,0
BRDA:304,11,0,0
BRDA:305,12,0,0
BRDA:306,13,0,0
BRDA:331,14,0,0
BRDA:331,14,1,1
BRDA:333,15,0,1
BRDA:337,16,0,0
BRDA:337,16,1,1
BRDA:339,17,0,1
BRDA:343,18,0,0
BRDA:343,18,1,1
BRDA:345,19,0,0
BRDA:370,20,0,1
BRDA:386,21,0,0
BRDA:386,21,1,1
BRDA:388,22,0,0
BRDA:388,22,1,1
BRDA:398,23,0,0
BRDA:416,24,0,0
BRDA:416,24,1,0
BRDA:427,25,0,0
BRDA:427,25,1,0
BRDA:429,26,0,0
BRDA:429,26,1,0
BRDA:436,27,0,0
BRDA:440,28,0,0
BRDA:466,29,0,0
BRDA:466,29,1,0
BRDA:467,30,0,0
BRDA:467,30,1,0
BRDA:468,31,0,0
BRDA:468,31,1,0
BRDA:473,32,0,0
BRDA:473,32,1,0
BRDA:477,33,0,0
BRDA:477,33,1,0
BRDA:477,34,0,0
BRDA:477,34,1,0
BRDA:477,34,2,0
BRDA:480,35,0,0
BRDA:480,36,0,0
BRDA:480,36,1,0
BRDA:483,37,0,0
BRDA:490,38,0,0
BRDA:490,39,0,0
BRDA:490,39,1,0
BRDA:495,40,0,0
BRDA:495,41,0,0
BRDA:495,41,1,0
BRDA:549,42,0,0
BRDA:549,42,1,0
BRDA:550,43,0,0
BRDA:550,43,1,0
BRDA:551,44,0,0
BRDA:551,44,1,0
BRDA:552,45,0,0
BRDA:552,45,1,0
BRDA:575,46,0,0
BRDA:581,47,0,0
BRDA:586,48,0,0
BRDA:591,49,0,0
BRDA:591,49,1,0
BRDA:592,50,0,0
BRDA:592,50,1,0
BRDA:701,51,0,0
BRDA:701,51,1,0
BRDA:717,52,0,0
BRDA:724,53,0,0
BRDA:730,54,0,0
BRDA:786,55,0,0
BRDA:797,56,0,0
BRDA:797,56,1,0
BRDA:800,57,0,0
BRDA:841,58,0,0
BRDA:868,59,0,0
BRDA:868,59,1,0
BRDA:871,60,0,0
BRDA:871,60,1,0
BRDA:874,61,0,0
BRDA:874,61,1,0
BRDA:901,62,0,0
BRDA:902,63,0,0
BRDA:916,64,0,0
BRDA:916,65,0,0
BRDA:916,65,1,0
BRDA:939,66,0,0
BRDA:939,66,1,0
BRDA:940,67,0,0
BRDA:940,67,1,0
BRDA:958,68,0,0
BRDA:958,68,1,0
BRDA:959,69,0,0
BRDA:959,69,1,0
BRDA:966,70,0,0
BRDA:988,71,0,0
BRDA:1032,72,0,0
BRDA:1032,72,1,0
BRDA:1034,73,0,0
BRDA:1034,73,1,0
BRDA:1043,74,0,0
BRDA:1043,74,1,0
BRDA:1043,74,2,0
BRDA:1043,74,3,0
BRDA:896,75,0,1
BRDA:896,75,1,0
BRF:126
BRH:22
end_of_record
TN:
SF:src\services\projectService.ts
FN:1,(anonymous_1)
FN:11,crearProyectoService
FN:34,actualizarProyectoService
FN:57,listarProyectosService
FN:72,cargarProyectoService
FN:89,guardarTxtService
FN:105,nuevaVersionService
FN:127,eliminarProyectoService
FNF:8
FNH:8
FNDA:54,(anonymous_1)
FNDA:1,crearProyectoService
FNDA:1,actualizarProyectoService
FNDA:1,listarProyectosService
FNDA:1,cargarProyectoService
FNDA:1,guardarTxtService
FNDA:1,nuevaVersionService
FNDA:1,eliminarProyectoService
DA:1,190
DA:9,4
DA:11,4
DA:12,1
DA:13,1
DA:14,1
DA:15,1
DA:25,1
DA:26,1
DA:28,0
DA:29,0
DA:31,0
DA:34,4
DA:35,1
DA:36,1
DA:37,1
DA:48,1
DA:49,1
DA:51,0
DA:52,0
DA:54,0
DA:57,4
DA:58,1
DA:59,1
DA:60,1
DA:63,1
DA:64,1
DA:66,0
DA:67,0
DA:69,0
DA:72,4
DA:73,1
DA:74,1
DA:75,1
DA:79,1
DA:80,1
DA:83,0
DA:84,0
DA:86,0
DA:89,4
DA:90,1
DA:91,1
DA:92,1
DA:96,1
DA:97,1
DA:99,0
DA:100,0
DA:102,0
DA:105,4
DA:106,1
DA:107,1
DA:108,1
DA:109,1
DA:110,1
DA:111,1
DA:112,1
DA:118,1
DA:119,1
DA:121,0
DA:122,0
DA:124,0
DA:127,8
DA:128,1
DA:129,1
DA:130,1
DA:134,1
DA:135,1
DA:137,0
DA:138,0
DA:140,0
LF:70
LH:49
BRDA:1,0,0,32
BRDA:1,1,0,4
BRDA:1,1,1,4
BRDA:1,1,2,0
BRDA:1,2,0,56
BRDA:1,2,1,56
BRDA:61,3,0,1
BRDA:61,3,1,0
BRDA:127,4,0,4
BRDA:127,4,1,0
BRF:10
BRH:7
end_of_record
