{"C:\\Users\\sebas\\OneDrive\\Documentos\\GitHub\\puntalink_info290\\backend\\src\\services\\projectService.ts":{"path":"C:\\Users\\sebas\\OneDrive\\Documentos\\GitHub\\puntalink_info290\\backend\\src\\services\\projectService.ts","statementMap":{"0":{"start":{"line":1,"column":0},"end":{"line":1,"column":122}},"1":{"start":{"line":1,"column":122},"end":{"line":3,"column":4}},"2":{"start":{"line":2,"column":14},"end":{"line":2,"column":35}},"3":{"start":{"line":2,"column":57},"end":{"line":2,"column":88}},"4":{"start":{"line":2,"column":111},"end":{"line":2,"column":137}},"5":{"start":{"line":2,"column":155},"end":{"line":2,"column":186}},"6":{"start":{"line":2,"column":198},"end":{"line":2,"column":264}},"7":{"start":{"line":2,"column":214},"end":{"line":2,"column":264}},"8":{"start":{"line":2,"column":278},"end":{"line":2,"column":368}},"9":{"start":{"line":2,"column":293},"end":{"line":2,"column":367}},"10":{"start":{"line":2,"column":313},"end":{"line":2,"column":367}},"11":{"start":{"line":2,"column":385},"end":{"line":2,"column":662}},"12":{"start":{"line":2,"column":409},"end":{"line":2,"column":652}},"13":{"start":{"line":2,"column":468},"end":{"line":2,"column":651}},"14":{"start":{"line":2,"column":507},"end":{"line":2,"column":651}},"15":{"start":{"line":2,"column":551},"end":{"line":2,"column":651}},"16":{"start":{"line":2,"column":577},"end":{"line":2,"column":586}},"17":{"start":{"line":2,"column":652},"end":{"line":2,"column":661}},"18":{"start":{"line":2,"column":680},"end":{"line":2,"column":741}},"19":{"start":{"line":2,"column":685},"end":{"line":2,"column":741}},"20":{"start":{"line":2,"column":769},"end":{"line":2,"column":771}},"21":{"start":{"line":2,"column":772},"end":{"line":2,"column":1143}},"22":{"start":{"line":2,"column":835},"end":{"line":2,"column":860}},"23":{"start":{"line":2,"column":887},"end":{"line":2,"column":908}},"24":{"start":{"line":2,"column":934},"end":{"line":2,"column":954}},"25":{"start":{"line":2,"column":983},"end":{"line":2,"column":1006}},"26":{"start":{"line":2,"column":1029},"end":{"line":2,"column":1046}},"27":{"start":{"line":2,"column":1074},"end":{"line":2,"column":1096}},"28":{"start":{"line":2,"column":1121},"end":{"line":2,"column":1140}},"29":{"start":{"line":2,"column":1143},"end":{"line":2,"column":1195}},"30":{"start":{"line":2,"column":1214},"end":{"line":2,"column":1242}},"31":{"start":{"line":2,"column":1292},"end":{"line":2,"column":1357}},"32":{"start":{"line":2,"column":1357},"end":{"line":2,"column":1444}},"33":{"start":{"line":2,"column":1444},"end":{"line":2,"column":1966}},"34":{"start":{"line":2,"column":1468},"end":{"line":2,"column":1744}},"35":{"start":{"line":2,"column":1745},"end":{"line":2,"column":1832}},"36":{"start":{"line":2,"column":1832},"end":{"line":2,"column":1852}},"37":{"start":{"line":2,"column":1864},"end":{"line":2,"column":1956}},"38":{"start":{"line":2,"column":1956},"end":{"line":2,"column":1965}},"39":{"start":{"line":2,"column":1966},"end":{"line":2,"column":2027}},"40":{"start":{"line":2,"column":2028},"end":{"line":2,"column":2080}},"41":{"start":{"line":2,"column":2134},"end":{"line":2,"column":2204}},"42":{"start":{"line":2,"column":2204},"end":{"line":2,"column":2763}},"43":{"start":{"line":2,"column":2234},"end":{"line":2,"column":2515}},"44":{"start":{"line":2,"column":2516},"end":{"line":2,"column":2613}},"45":{"start":{"line":2,"column":2613},"end":{"line":2,"column":2639}},"46":{"start":{"line":2,"column":2651},"end":{"line":2,"column":2753}},"47":{"start":{"line":2,"column":2753},"end":{"line":2,"column":2762}},"48":{"start":{"line":2,"column":2763},"end":{"line":2,"column":2829}},"49":{"start":{"line":2,"column":2830},"end":{"line":2,"column":2892}},"50":{"start":{"line":2,"column":2940},"end":{"line":2,"column":3007}},"51":{"start":{"line":2,"column":3007},"end":{"line":2,"column":3332}},"52":{"start":{"line":2,"column":3027},"end":{"line":2,"column":3102}},"53":{"start":{"line":2,"column":3103},"end":{"line":2,"column":3196}},"54":{"start":{"line":2,"column":3196},"end":{"line":2,"column":3212}},"55":{"start":{"line":2,"column":3224},"end":{"line":2,"column":3322}},"56":{"start":{"line":2,"column":3322},"end":{"line":2,"column":3331}},"57":{"start":{"line":2,"column":3332},"end":{"line":2,"column":3395}},"58":{"start":{"line":2,"column":3396},"end":{"line":2,"column":3452}},"59":{"start":{"line":2,"column":3499},"end":{"line":2,"column":3565}},"60":{"start":{"line":2,"column":3565},"end":{"line":2,"column":3909}},"61":{"start":{"line":2,"column":3584},"end":{"line":2,"column":3686}},"62":{"start":{"line":2,"column":3687},"end":{"line":2,"column":3777}},"63":{"start":{"line":2,"column":3777},"end":{"line":2,"column":3792}},"64":{"start":{"line":2,"column":3804},"end":{"line":2,"column":3899}},"65":{"start":{"line":2,"column":3899},"end":{"line":2,"column":3908}},"66":{"start":{"line":2,"column":3909},"end":{"line":2,"column":3971}},"67":{"start":{"line":2,"column":3972},"end":{"line":2,"column":4026}},"68":{"start":{"line":2,"column":4077},"end":{"line":2,"column":4139}},"69":{"start":{"line":2,"column":4139},"end":{"line":2,"column":4447}},"70":{"start":{"line":2,"column":4169},"end":{"line":2,"column":4218}},"71":{"start":{"line":2,"column":4219},"end":{"line":2,"column":4300}},"72":{"start":{"line":2,"column":4300},"end":{"line":2,"column":4326}},"73":{"start":{"line":2,"column":4338},"end":{"line":2,"column":4437}},"74":{"start":{"line":2,"column":4437},"end":{"line":2,"column":4446}},"75":{"start":{"line":2,"column":4447},"end":{"line":2,"column":4505}},"76":{"start":{"line":2,"column":4506},"end":{"line":2,"column":4552}},"77":{"start":{"line":2,"column":4600},"end":{"line":2,"column":4664}},"78":{"start":{"line":2,"column":4674},"end":{"line":2,"column":4694}},"79":{"start":{"line":2,"column":4712},"end":{"line":2,"column":4739}},"80":{"start":{"line":2,"column":4753},"end":{"line":2,"column":4776}},"81":{"start":{"line":2,"column":4797},"end":{"line":2,"column":4827}},"82":{"start":{"line":2,"column":4828},"end":{"line":2,"column":5178}},"83":{"start":{"line":2,"column":4852},"end":{"line":2,"column":4929}},"84":{"start":{"line":2,"column":4930},"end":{"line":2,"column":5024}},"85":{"start":{"line":2,"column":5024},"end":{"line":2,"column":5044}},"86":{"start":{"line":2,"column":5056},"end":{"line":2,"column":5168}},"87":{"start":{"line":2,"column":5168},"end":{"line":2,"column":5177}},"88":{"start":{"line":2,"column":5178},"end":{"line":2,"column":5238}},"89":{"start":{"line":2,"column":5239},"end":{"line":2,"column":5289}},"90":{"start":{"line":2,"column":5338},"end":{"line":2,"column":5406}},"91":{"start":{"line":2,"column":5406},"end":{"line":2,"column":5757}},"92":{"start":{"line":2,"column":5426},"end":{"line":2,"column":5527}},"93":{"start":{"line":2,"column":5528},"end":{"line":2,"column":5621}},"94":{"start":{"line":2,"column":5621},"end":{"line":2,"column":5637}},"95":{"start":{"line":2,"column":5649},"end":{"line":2,"column":5747}},"96":{"start":{"line":2,"column":5747},"end":{"line":2,"column":5756}},"97":{"start":{"line":2,"column":5757},"end":{"line":2,"column":5821}},"98":{"start":{"line":2,"column":5822},"end":{"line":2,"column":5880}},"99":{"start":{"line":2,"column":5880},"end":{"line":2,"column":6056}}},"fnMap":{"0":{"name":"(anonymous_0)","decl":{"start":{"line":1,"column":123},"end":{"line":1,"column":124}},"loc":{"start":{"line":1,"column":127},"end":{"line":3,"column":1}},"line":1},"1":{"name":"(anonymous_1)","decl":{"start":{"line":2,"column":198},"end":{"line":2,"column":199}},"loc":{"start":{"line":2,"column":214},"end":{"line":2,"column":264}},"line":2},"2":{"name":"(anonymous_2)","decl":{"start":{"line":2,"column":278},"end":{"line":2,"column":279}},"loc":{"start":{"line":2,"column":292},"end":{"line":2,"column":368}},"line":2},"3":{"name":"(anonymous_3)","decl":{"start":{"line":2,"column":385},"end":{"line":2,"column":386}},"loc":{"start":{"line":2,"column":408},"end":{"line":2,"column":662}},"line":2},"4":{"name":"(anonymous_4)","decl":{"start":{"line":2,"column":573},"end":{"line":2,"column":574}},"loc":{"start":{"line":2,"column":577},"end":{"line":2,"column":586}},"line":2},"5":{"name":"(anonymous_5)","decl":{"start":{"line":2,"column":680},"end":{"line":2,"column":681}},"loc":{"start":{"line":2,"column":685},"end":{"line":2,"column":741}},"line":2},"6":{"name":"(anonymous_6)","decl":{"start":{"line":2,"column":831},"end":{"line":2,"column":832}},"loc":{"start":{"line":2,"column":835},"end":{"line":2,"column":860}},"line":2},"7":{"name":"(anonymous_7)","decl":{"start":{"line":2,"column":883},"end":{"line":2,"column":884}},"loc":{"start":{"line":2,"column":887},"end":{"line":2,"column":908}},"line":2},"8":{"name":"(anonymous_8)","decl":{"start":{"line":2,"column":930},"end":{"line":2,"column":931}},"loc":{"start":{"line":2,"column":934},"end":{"line":2,"column":954}},"line":2},"9":{"name":"(anonymous_9)","decl":{"start":{"line":2,"column":979},"end":{"line":2,"column":980}},"loc":{"start":{"line":2,"column":983},"end":{"line":2,"column":1006}},"line":2},"10":{"name":"(anonymous_10)","decl":{"start":{"line":2,"column":1025},"end":{"line":2,"column":1026}},"loc":{"start":{"line":2,"column":1029},"end":{"line":2,"column":1046}},"line":2},"11":{"name":"(anonymous_11)","decl":{"start":{"line":2,"column":1070},"end":{"line":2,"column":1071}},"loc":{"start":{"line":2,"column":1074},"end":{"line":2,"column":1096}},"line":2},"12":{"name":"(anonymous_12)","decl":{"start":{"line":2,"column":1117},"end":{"line":2,"column":1118}},"loc":{"start":{"line":2,"column":1121},"end":{"line":2,"column":1140}},"line":2},"13":{"name":"crearProyectoService","decl":{"start":{"line":2,"column":1258},"end":{"line":2,"column":1278}},"loc":{"start":{"line":2,"column":1291},"end":{"line":2,"column":2028}},"line":2},"14":{"name":"actualizarProyectoService","decl":{"start":{"line":2,"column":2095},"end":{"line":2,"column":2120}},"loc":{"start":{"line":2,"column":2133},"end":{"line":2,"column":2830}},"line":2},"15":{"name":"listarProyectosService","decl":{"start":{"line":2,"column":2907},"end":{"line":2,"column":2929}},"loc":{"start":{"line":2,"column":2939},"end":{"line":2,"column":3396}},"line":2},"16":{"name":"cargarProyectoService","decl":{"start":{"line":2,"column":3467},"end":{"line":2,"column":3488}},"loc":{"start":{"line":2,"column":3498},"end":{"line":2,"column":3972}},"line":2},"17":{"name":"guardarTxtService","decl":{"start":{"line":2,"column":4041},"end":{"line":2,"column":4058}},"loc":{"start":{"line":2,"column":4076},"end":{"line":2,"column":4506}},"line":2},"18":{"name":"nuevaVersionService","decl":{"start":{"line":2,"column":4567},"end":{"line":2,"column":4586}},"loc":{"start":{"line":2,"column":4599},"end":{"line":2,"column":5239}},"line":2},"19":{"name":"eliminarProyectoService","decl":{"start":{"line":2,"column":5304},"end":{"line":2,"column":5327}},"loc":{"start":{"line":2,"column":5337},"end":{"line":2,"column":5822}},"line":2}},"branchMap":{"0":{"loc":{"start":{"line":2,"column":409},"end":{"line":2,"column":652}},"type":"if","locations":[{"start":{"line":2,"column":409},"end":{"line":2,"column":652}},{"start":{},"end":{}}],"line":2},"1":{"loc":{"start":{"line":2,"column":412},"end":{"line":2,"column":466}},"type":"binary-expr","locations":[{"start":{"line":2,"column":412},"end":{"line":2,"column":416}},{"start":{"line":2,"column":418},"end":{"line":2,"column":440}},{"start":{"line":2,"column":442},"end":{"line":2,"column":466}}],"line":2},"2":{"loc":{"start":{"line":2,"column":507},"end":{"line":2,"column":651}},"type":"if","locations":[{"start":{"line":2,"column":507},"end":{"line":2,"column":651}},{"start":{},"end":{}}],"line":2},"3":{"loc":{"start":{"line":2,"column":510},"end":{"line":2,"column":550}},"type":"binary-expr","locations":[{"start":{"line":2,"column":510},"end":{"line":2,"column":536}},{"start":{"line":2,"column":538},"end":{"line":2,"column":550}}],"line":2},"4":{"loc":{"start":{"line":2,"column":598},"end":{"line":2,"column":649}},"type":"binary-expr","locations":[{"start":{"line":2,"column":598},"end":{"line":2,"column":632}},{"start":{"line":2,"column":634},"end":{"line":2,"column":649}}],"line":2},"5":{"loc":{"start":{"line":2,"column":3069},"end":{"line":2,"column":3101}},"type":"binary-expr","locations":[{"start":{"line":2,"column":3069},"end":{"line":2,"column":3098}},{"start":{"line":2,"column":3100},"end":{"line":2,"column":3101}}],"line":2},"6":{"loc":{"start":{"line":2,"column":5880},"end":{"line":2,"column":6055}},"type":"binary-expr","locations":[{"start":{"line":2,"column":5880},"end":{"line":2,"column":5881}},{"start":{"line":2,"column":5884},"end":{"line":2,"column":6054}}],"line":2}},"s":{"0":4,"1":4,"2":4,"3":4,"4":4,"5":4,"6":4,"7":28,"8":4,"9":4,"10":28,"11":4,"12":4,"13":4,"14":28,"15":28,"16":7,"17":4,"18":4,"19":4,"20":4,"21":4,"22":1,"23":1,"24":1,"25":1,"26":1,"27":1,"28":1,"29":4,"30":4,"31":1,"32":1,"33":1,"34":1,"35":1,"36":1,"37":0,"38":0,"39":0,"40":4,"41":1,"42":1,"43":1,"44":1,"45":1,"46":0,"47":0,"48":0,"49":4,"50":1,"51":1,"52":1,"53":1,"54":1,"55":0,"56":0,"57":0,"58":4,"59":1,"60":1,"61":1,"62":1,"63":1,"64":0,"65":0,"66":0,"67":4,"68":1,"69":1,"70":1,"71":1,"72":1,"73":0,"74":0,"75":0,"76":4,"77":1,"78":1,"79":1,"80":1,"81":1,"82":1,"83":1,"84":1,"85":1,"86":0,"87":0,"88":0,"89":4,"90":1,"91":1,"92":1,"93":1,"94":1,"95":0,"96":0,"97":0,"98":4,"99":4},"f":{"0":4,"1":28,"2":4,"3":4,"4":7,"5":4,"6":1,"7":1,"8":1,"9":1,"10":1,"11":1,"12":1,"13":1,"14":1,"15":1,"16":1,"17":1,"18":1,"19":1},"b":{"0":[4,0],"1":[4,4,0],"2":[28,0],"3":[28,28],"4":[28,28],"5":[1,0],"6":[4,0]},"inputSourceMap":{"version":3,"mappings":";suBAAA,wdAQO,6BAEP,eAAsB,qBAAqB,YAAkB,CACzD,QAAQ,IAAI,mDAAmD,EAC/D,QAAQ,IAAI,8DAA+D,WAAW,EACtF,GAAI,CACA,MAAM,cAAgB,QAAM,2BACxB,YAAY,WACZ,YAAY,eACZ,YAAY,oBACZ,YAAY,WACZ,WAAW,YAAY,SAAS,EAChC,WAAW,YAAY,YAAY,EACnC,WAAW,YAAY,UAAU,EACjC,YAAY,iBAChB,EACA,QAAQ,IAAI,yEAAyE,EACrF,OAAO,aACX,OAAS,IAAK,CACV,QAAQ,MAAM,yEAA0E,GAAG,EAC3F,MAAM,GACV,CACA,QAAQ,IAAI,gDAAgD,CAChE,CArBsB,oDAuBtB,eAAsB,0BAA0B,YAAkB,CAC9D,QAAQ,IAAI,wDAAwD,EACpE,GAAI,CACA,MAAM,oBAAsB,QAAM,8BAC9B,YAAY,KAAK,IACjB,YAAY,KAAK,WACjB,YAAY,KAAK,OACjB,YAAY,KAAK,QACjB,YAAY,KAAK,YACjB,YAAY,KAAK,WACjB,YAAY,KAAK,cACjB,YAAY,KAAK,aACjB,YAAY,KAAK,SACrB,EACA,QAAQ,IAAI,mFAAmF,EAC/F,OAAO,mBACX,OAAS,IAAK,CACV,QAAQ,MAAM,mFAAoF,GAAG,EACrG,MAAM,GACV,CACA,QAAQ,IAAI,qDAAqD,CACrE,CArBsB,8DAuBtB,eAAsB,uBAAuB,SAAe,CACxD,QAAQ,IAAI,qDAAqD,EACjE,GAAI,CACA,MAAM,UAAY,QAAM,kCACpB,SAAS,QAAQ,WAAW,GAAK,CACrC,EACA,QAAQ,IAAI,+EAA+E,EAC3F,OAAO,SACX,OAAS,IAAK,CACV,QAAQ,MAAM,+EAAgF,GAAG,EACjG,MAAM,GACV,CACA,QAAQ,IAAI,kDAAkD,CAClE,CAbsB,wDAetB,eAAsB,sBAAsB,SAAe,CACvD,QAAQ,IAAI,oDAAoD,EAChE,GAAI,CACA,MAAM,SAAW,QAAM,+BACnB,SAAS,QAAQ,cAAc,EAC/B,SAAS,QAAQ,WAAW,CAChC,EACA,QAAQ,IAAI,4EAA4E,EACxF,OAAO,QACX,OACO,IAAK,CACR,QAAQ,MAAM,4EAA6E,GAAG,EAC9F,MAAM,GACV,CACA,QAAQ,IAAI,iDAAiD,CACjE,CAfsB,sDAiBtB,eAAsB,kBAAkB,YAAqB,KAAc,CACvE,QAAQ,IAAI,gDAAgD,EAC5D,GAAI,CACA,MAAM,oBAAsB,QAAM,wBAC9B,YACA,IACJ,EACA,QAAQ,IAAI,mEAAmE,EAC/E,OAAO,mBACX,OAAS,IAAK,CACV,QAAQ,MAAM,gFAAiF,GAAG,EAClG,MAAM,GACV,CACA,QAAQ,IAAI,6CAA6C,CAC7D,CAdsB,8CAgBtB,eAAsB,oBAAoB,YAAkB,CACxD,QAAQ,IAAI,kDAAkD,EAC9D,MAAM,IAAM,YAAY,KAAK,IAC7B,MAAM,WAAa,YAAY,KAAK,WACpC,MAAM,OAAS,YAAY,KAAK,OAChC,MAAM,cAAgB,YAAY,KAAK,cACvC,GAAI,CACA,MAAM,cAAgB,QAAM,iCACxB,IACA,WACA,OACA,aACJ,EACA,QAAQ,IAAI,gFAA6E,EACzF,OAAO,aACX,OAAS,IAAK,CACV,QAAQ,MAAM,6FAA2F,GAAG,EAC5G,MAAM,GACV,CACA,QAAQ,IAAI,+CAA+C,CAC/D,CApBsB,kDAsBtB,eAAsB,wBAAwB,SAAe,CACzD,QAAQ,IAAI,sDAAsD,EAClE,GAAI,CACA,MAAM,UAAY,QAAM,8BACpB,SAAS,QAAQ,cAAc,EAC/B,SAAS,QAAQ,WAAW,CAChC,EACA,QAAQ,IAAI,+EAA+E,EAC3F,OAAO,SACX,OAAS,IAAK,CACV,QAAQ,MAAM,+EAAgF,GAAG,EACjG,MAAM,GACV,CACA,QAAQ,IAAI,mDAAmD,CACnE,CAdsB","names":[],"ignoreList":[],"sources":["C:\\Users\\sebas\\OneDrive\\Documentos\\GitHub\\puntalink_info290\\backend\\src\\services\\projectService.ts"],"sourcesContent":[null]},"_coverageSchema":"1a1c01bbd47fc00a2c39e90264f33305004495a9","hash":"3d83109c4fcc6904c2792e7cfb910ee48d5a58b6","contentHash":"c80899c672e652baa7c4e67878681cd0b4fac25d231e76093381e23dfa23c2b4"}}