{"C:\\Users\\vitin\\Documents\\MyM\\puntalink_info290\\backend\\src\\services\\calculosService.ts":{"path":"C:\\Users\\vitin\\Documents\\MyM\\puntalink_info290\\backend\\src\\services\\calculosService.ts","statementMap":{"0":{"start":{"line":1,"column":0},"end":{"line":1,"column":109}},"1":{"start":{"line":1,"column":109},"end":{"line":3,"column":4}},"2":{"start":{"line":2,"column":14},"end":{"line":2,"column":35}},"3":{"start":{"line":2,"column":57},"end":{"line":2,"column":88}},"4":{"start":{"line":2,"column":111},"end":{"line":2,"column":137}},"5":{"start":{"line":2,"column":155},"end":{"line":2,"column":186}},"6":{"start":{"line":2,"column":198},"end":{"line":2,"column":264}},"7":{"start":{"line":2,"column":214},"end":{"line":2,"column":264}},"8":{"start":{"line":2,"column":278},"end":{"line":2,"column":368}},"9":{"start":{"line":2,"column":293},"end":{"line":2,"column":367}},"10":{"start":{"line":2,"column":313},"end":{"line":2,"column":367}},"11":{"start":{"line":2,"column":385},"end":{"line":2,"column":662}},"12":{"start":{"line":2,"column":409},"end":{"line":2,"column":652}},"13":{"start":{"line":2,"column":468},"end":{"line":2,"column":651}},"14":{"start":{"line":2,"column":507},"end":{"line":2,"column":651}},"15":{"start":{"line":2,"column":551},"end":{"line":2,"column":651}},"16":{"start":{"line":2,"column":577},"end":{"line":2,"column":586}},"17":{"start":{"line":2,"column":652},"end":{"line":2,"column":661}},"18":{"start":{"line":2,"column":680},"end":{"line":2,"column":741}},"19":{"start":{"line":2,"column":685},"end":{"line":2,"column":741}},"20":{"start":{"line":2,"column":770},"end":{"line":2,"column":772}},"21":{"start":{"line":2,"column":773},"end":{"line":2,"column":1907}},"22":{"start":{"line":2,"column":838},"end":{"line":2,"column":864}},"23":{"start":{"line":2,"column":896},"end":{"line":2,"column":922}},"24":{"start":{"line":2,"column":946},"end":{"line":2,"column":964}},"25":{"start":{"line":2,"column":989},"end":{"line":2,"column":1008}},"26":{"start":{"line":2,"column":1027},"end":{"line":2,"column":1040}},"27":{"start":{"line":2,"column":1066},"end":{"line":2,"column":1086}},"28":{"start":{"line":2,"column":1111},"end":{"line":2,"column":1130}},"29":{"start":{"line":2,"column":1152},"end":{"line":2,"column":1168}},"30":{"start":{"line":2,"column":1189},"end":{"line":2,"column":1204}},"31":{"start":{"line":2,"column":1224},"end":{"line":2,"column":1238}},"32":{"start":{"line":2,"column":1256},"end":{"line":2,"column":1268}},"33":{"start":{"line":2,"column":1305},"end":{"line":2,"column":1336}},"34":{"start":{"line":2,"column":1354},"end":{"line":2,"column":1366}},"35":{"start":{"line":2,"column":1389},"end":{"line":2,"column":1406}},"36":{"start":{"line":2,"column":1423},"end":{"line":2,"column":1434}},"37":{"start":{"line":2,"column":1451},"end":{"line":2,"column":1462}},"38":{"start":{"line":2,"column":1483},"end":{"line":2,"column":1498}},"39":{"start":{"line":2,"column":1519},"end":{"line":2,"column":1534}},"40":{"start":{"line":2,"column":1552},"end":{"line":2,"column":1564}},"41":{"start":{"line":2,"column":1595},"end":{"line":2,"column":1620}},"42":{"start":{"line":2,"column":1645},"end":{"line":2,"column":1664}},"43":{"start":{"line":2,"column":1688},"end":{"line":2,"column":1706}},"44":{"start":{"line":2,"column":1728},"end":{"line":2,"column":1744}},"45":{"start":{"line":2,"column":1775},"end":{"line":2,"column":1800}},"46":{"start":{"line":2,"column":1826},"end":{"line":2,"column":1846}},"47":{"start":{"line":2,"column":1878},"end":{"line":2,"column":1904}},"48":{"start":{"line":2,"column":1907},"end":{"line":2,"column":1960}},"49":{"start":{"line":2,"column":1992},"end":{"line":2,"column":2474}},"50":{"start":{"line":2,"column":2475},"end":{"line":2,"column":2527}},"51":{"start":{"line":2,"column":2572},"end":{"line":2,"column":2776}},"52":{"start":{"line":2,"column":2588},"end":{"line":2,"column":2637}},"53":{"start":{"line":2,"column":2643},"end":{"line":2,"column":2776}},"54":{"start":{"line":2,"column":2660},"end":{"line":2,"column":2712}},"55":{"start":{"line":2,"column":2718},"end":{"line":2,"column":2775}},"56":{"start":{"line":2,"column":2777},"end":{"line":2,"column":2839}},"57":{"start":{"line":2,"column":2902},"end":{"line":2,"column":2924}},"58":{"start":{"line":2,"column":2939},"end":{"line":2,"column":2982}},"59":{"start":{"line":2,"column":2958},"end":{"line":2,"column":2981}},"60":{"start":{"line":2,"column":2983},"end":{"line":2,"column":3084}},"61":{"start":{"line":2,"column":2996},"end":{"line":2,"column":3083}},"62":{"start":{"line":2,"column":3084},"end":{"line":2,"column":3098}},"63":{"start":{"line":2,"column":3099},"end":{"line":2,"column":3161}},"64":{"start":{"line":2,"column":3208},"end":{"line":2,"column":3418}},"65":{"start":{"line":2,"column":3230},"end":{"line":2,"column":3259}},"66":{"start":{"line":2,"column":3267},"end":{"line":2,"column":3296}},"67":{"start":{"line":2,"column":3304},"end":{"line":2,"column":3333}},"68":{"start":{"line":2,"column":3341},"end":{"line":2,"column":3417}},"69":{"start":{"line":2,"column":3419},"end":{"line":2,"column":3463}},"70":{"start":{"line":2,"column":3500},"end":{"line":2,"column":3519}},"71":{"start":{"line":2,"column":3520},"end":{"line":2,"column":3558}},"72":{"start":{"line":2,"column":3599},"end":{"line":2,"column":3620}},"73":{"start":{"line":2,"column":3621},"end":{"line":2,"column":3663}},"74":{"start":{"line":2,"column":3709},"end":{"line":2,"column":3734}},"75":{"start":{"line":2,"column":3735},"end":{"line":2,"column":3777}},"76":{"start":{"line":2,"column":3819},"end":{"line":2,"column":3859}},"77":{"start":{"line":2,"column":3860},"end":{"line":2,"column":3896}},"78":{"start":{"line":2,"column":3932},"end":{"line":2,"column":3948}},"79":{"start":{"line":2,"column":3949},"end":{"line":2,"column":3991}},"80":{"start":{"line":2,"column":4030},"end":{"line":2,"column":4053}},"81":{"start":{"line":2,"column":4054},"end":{"line":2,"column":4088}},"82":{"start":{"line":2,"column":4145},"end":{"line":2,"column":4198}},"83":{"start":{"line":2,"column":4199},"end":{"line":2,"column":4249}},"84":{"start":{"line":2,"column":4280},"end":{"line":2,"column":4313}},"85":{"start":{"line":2,"column":4314},"end":{"line":2,"column":4348}},"86":{"start":{"line":2,"column":4398},"end":{"line":2,"column":4428}},"87":{"start":{"line":2,"column":4429},"end":{"line":2,"column":4475}},"88":{"start":{"line":2,"column":4520},"end":{"line":2,"column":4546}},"89":{"start":{"line":2,"column":4547},"end":{"line":2,"column":4587}},"90":{"start":{"line":2,"column":4657},"end":{"line":2,"column":4674}},"91":{"start":{"line":2,"column":4693},"end":{"line":2,"column":4710}},"92":{"start":{"line":2,"column":4719},"end":{"line":2,"column":4740}},"93":{"start":{"line":2,"column":4741},"end":{"line":2,"column":4817}},"94":{"start":{"line":2,"column":4817},"end":{"line":2,"column":4921}},"95":{"start":{"line":2,"column":4921},"end":{"line":2,"column":5029}},"96":{"start":{"line":2,"column":5029},"end":{"line":2,"column":5136}},"97":{"start":{"line":2,"column":5136},"end":{"line":2,"column":5209}},"98":{"start":{"line":2,"column":5209},"end":{"line":2,"column":5217}},"99":{"start":{"line":2,"column":5218},"end":{"line":2,"column":5262}},"100":{"start":{"line":2,"column":5314},"end":{"line":2,"column":5439}},"101":{"start":{"line":2,"column":5360},"end":{"line":2,"column":5378}},"102":{"start":{"line":2,"column":5395},"end":{"line":2,"column":5413}},"103":{"start":{"line":2,"column":5421},"end":{"line":2,"column":5438}},"104":{"start":{"line":2,"column":5440},"end":{"line":2,"column":5476}},"105":{"start":{"line":2,"column":5605},"end":{"line":2,"column":5607}},"106":{"start":{"line":2,"column":5630},"end":{"line":2,"column":5632}},"107":{"start":{"line":2,"column":5649},"end":{"line":2,"column":5722}},"108":{"start":{"line":2,"column":5723},"end":{"line":2,"column":5788}},"109":{"start":{"line":2,"column":5788},"end":{"line":2,"column":5882}},"110":{"start":{"line":2,"column":5882},"end":{"line":2,"column":5948}},"111":{"start":{"line":2,"column":5948},"end":{"line":2,"column":6058}},"112":{"start":{"line":2,"column":6058},"end":{"line":2,"column":6142}},"113":{"start":{"line":2,"column":6142},"end":{"line":2,"column":6293}},"114":{"start":{"line":2,"column":6293},"end":{"line":2,"column":6522}},"115":{"start":{"line":2,"column":6317},"end":{"line":2,"column":6389}},"116":{"start":{"line":2,"column":6395},"end":{"line":2,"column":6522}},"117":{"start":{"line":2,"column":6419},"end":{"line":2,"column":6521}},"118":{"start":{"line":2,"column":6522},"end":{"line":2,"column":6772}},"119":{"start":{"line":2,"column":6542},"end":{"line":2,"column":6658}},"120":{"start":{"line":2,"column":6664},"end":{"line":2,"column":6772}},"121":{"start":{"line":2,"column":6683},"end":{"line":2,"column":6771}},"122":{"start":{"line":2,"column":6772},"end":{"line":2,"column":6969}},"123":{"start":{"line":2,"column":6790},"end":{"line":2,"column":6869}},"124":{"start":{"line":2,"column":6875},"end":{"line":2,"column":6969}},"125":{"start":{"line":2,"column":6893},"end":{"line":2,"column":6968}},"126":{"start":{"line":2,"column":6969},"end":{"line":2,"column":7074}},"127":{"start":{"line":2,"column":7074},"end":{"line":2,"column":7162}},"128":{"start":{"line":2,"column":7162},"end":{"line":2,"column":7327}},"129":{"start":{"line":2,"column":7328},"end":{"line":2,"column":7364}},"130":{"start":{"line":2,"column":7439},"end":{"line":2,"column":7523}},"131":{"start":{"line":2,"column":7465},"end":{"line":2,"column":7522}},"132":{"start":{"line":2,"column":7540},"end":{"line":2,"column":7583}},"133":{"start":{"line":2,"column":7604},"end":{"line":2,"column":7626}},"134":{"start":{"line":2,"column":7627},"end":{"line":2,"column":7691}},"135":{"start":{"line":2,"column":7691},"end":{"line":2,"column":7773}},"136":{"start":{"line":2,"column":7773},"end":{"line":2,"column":7867}},"137":{"start":{"line":2,"column":7867},"end":{"line":2,"column":7983}},"138":{"start":{"line":2,"column":7983},"end":{"line":2,"column":8391}},"139":{"start":{"line":2,"column":8004},"end":{"line":2,"column":8128}},"140":{"start":{"line":2,"column":8134},"end":{"line":2,"column":8391}},"141":{"start":{"line":2,"column":8155},"end":{"line":2,"column":8281}},"142":{"start":{"line":2,"column":8287},"end":{"line":2,"column":8390}},"143":{"start":{"line":2,"column":8391},"end":{"line":2,"column":8411}},"144":{"start":{"line":2,"column":8412},"end":{"line":2,"column":8486}},"145":{"start":{"line":2,"column":8584},"end":{"line":2,"column":8598}},"146":{"start":{"line":2,"column":8619},"end":{"line":2,"column":8621}},"147":{"start":{"line":2,"column":8648},"end":{"line":2,"column":8698}},"148":{"start":{"line":2,"column":8717},"end":{"line":2,"column":8744}},"149":{"start":{"line":2,"column":8774},"end":{"line":2,"column":9110}},"150":{"start":{"line":2,"column":8793},"end":{"line":2,"column":8831}},"151":{"start":{"line":2,"column":8831},"end":{"line":2,"column":8853}},"152":{"start":{"line":2,"column":8853},"end":{"line":2,"column":8947}},"153":{"start":{"line":2,"column":8953},"end":{"line":2,"column":8997}},"154":{"start":{"line":2,"column":8997},"end":{"line":2,"column":9019}},"155":{"start":{"line":2,"column":9019},"end":{"line":2,"column":9109}},"156":{"start":{"line":2,"column":9110},"end":{"line":2,"column":9453}},"157":{"start":{"line":2,"column":9131},"end":{"line":2,"column":9222}},"158":{"start":{"line":2,"column":9228},"end":{"line":2,"column":9453}},"159":{"start":{"line":2,"column":9249},"end":{"line":2,"column":9352}},"160":{"start":{"line":2,"column":9358},"end":{"line":2,"column":9452}},"161":{"start":{"line":2,"column":9453},"end":{"line":2,"column":9562}},"162":{"start":{"line":2,"column":9480},"end":{"line":2,"column":9561}},"163":{"start":{"line":2,"column":9562},"end":{"line":2,"column":9674}},"164":{"start":{"line":2,"column":9589},"end":{"line":2,"column":9673}},"165":{"start":{"line":2,"column":9674},"end":{"line":2,"column":9764}},"166":{"start":{"line":2,"column":9764},"end":{"line":2,"column":9841}},"167":{"start":{"line":2,"column":9841},"end":{"line":2,"column":9912}},"168":{"start":{"line":2,"column":9912},"end":{"line":2,"column":10006}},"169":{"start":{"line":2,"column":10007},"end":{"line":2,"column":10055}},"170":{"start":{"line":2,"column":10119},"end":{"line":2,"column":10121}},"171":{"start":{"line":2,"column":10134},"end":{"line":2,"column":10154}},"172":{"start":{"line":2,"column":10168},"end":{"line":2,"column":10188}},"173":{"start":{"line":2,"column":10207},"end":{"line":2,"column":10236}},"174":{"start":{"line":2,"column":10237},"end":{"line":2,"column":10382}},"175":{"start":{"line":2,"column":10397},"end":{"line":2,"column":10436}},"176":{"start":{"line":2,"column":10460},"end":{"line":2,"column":10487}},"177":{"start":{"line":2,"column":10488},"end":{"line":2,"column":10959}},"178":{"start":{"line":2,"column":10558},"end":{"line":2,"column":10586}},"179":{"start":{"line":2,"column":10586},"end":{"line":2,"column":10683}},"180":{"start":{"line":2,"column":10689},"end":{"line":2,"column":10959}},"181":{"start":{"line":2,"column":10720},"end":{"line":2,"column":10754}},"182":{"start":{"line":2,"column":10754},"end":{"line":2,"column":10783}},"183":{"start":{"line":2,"column":10770},"end":{"line":2,"column":10783}},"184":{"start":{"line":2,"column":10783},"end":{"line":2,"column":10958}},"185":{"start":{"line":2,"column":10959},"end":{"line":2,"column":11060}},"186":{"start":{"line":2,"column":11060},"end":{"line":2,"column":11194}},"187":{"start":{"line":2,"column":11085},"end":{"line":2,"column":11183}},"188":{"start":{"line":2,"column":11183},"end":{"line":2,"column":11193}},"189":{"start":{"line":2,"column":11194},"end":{"line":2,"column":11329}},"190":{"start":{"line":2,"column":11225},"end":{"line":2,"column":11316}},"191":{"start":{"line":2,"column":11316},"end":{"line":2,"column":11328}},"192":{"start":{"line":2,"column":11349},"end":{"line":2,"column":11404}},"193":{"start":{"line":2,"column":11427},"end":{"line":2,"column":11464}},"194":{"start":{"line":2,"column":11477},"end":{"line":2,"column":11530}},"195":{"start":{"line":2,"column":11541},"end":{"line":2,"column":11591}},"196":{"start":{"line":2,"column":11605},"end":{"line":2,"column":11658}},"197":{"start":{"line":2,"column":11672},"end":{"line":2,"column":11709}},"198":{"start":{"line":2,"column":11727},"end":{"line":2,"column":11808}},"199":{"start":{"line":2,"column":11817},"end":{"line":2,"column":11895}},"200":{"start":{"line":2,"column":11896},"end":{"line":2,"column":12027}},"201":{"start":{"line":2,"column":12040},"end":{"line":2,"column":12061}},"202":{"start":{"line":2,"column":12078},"end":{"line":2,"column":12092}},"203":{"start":{"line":2,"column":12111},"end":{"line":2,"column":12139}},"204":{"start":{"line":2,"column":12140},"end":{"line":2,"column":12208}},"205":{"start":{"line":2,"column":12208},"end":{"line":2,"column":12273}},"206":{"start":{"line":2,"column":12273},"end":{"line":2,"column":12351}},"207":{"start":{"line":2,"column":12351},"end":{"line":2,"column":12424}},"208":{"start":{"line":2,"column":12424},"end":{"line":2,"column":12572}},"209":{"start":{"line":2,"column":12582},"end":{"line":2,"column":12606}},"210":{"start":{"line":2,"column":12628},"end":{"line":2,"column":12799}},"211":{"start":{"line":2,"column":12831},"end":{"line":2,"column":12912}},"212":{"start":{"line":2,"column":12942},"end":{"line":2,"column":12997}},"213":{"start":{"line":2,"column":13021},"end":{"line":2,"column":13039}},"214":{"start":{"line":2,"column":13066},"end":{"line":2,"column":13131}},"215":{"start":{"line":2,"column":13132},"end":{"line":2,"column":13195}},"216":{"start":{"line":2,"column":13195},"end":{"line":2,"column":13293}},"217":{"start":{"line":2,"column":13293},"end":{"line":2,"column":13370}},"218":{"start":{"line":2,"column":13370},"end":{"line":2,"column":13455}},"219":{"start":{"line":2,"column":13455},"end":{"line":2,"column":13544}},"220":{"start":{"line":2,"column":13544},"end":{"line":2,"column":13595}},"221":{"start":{"line":2,"column":13626},"end":{"line":2,"column":13631}},"222":{"start":{"line":2,"column":13632},"end":{"line":2,"column":13786}},"223":{"start":{"line":2,"column":13650},"end":{"line":2,"column":13682}},"224":{"start":{"line":2,"column":13682},"end":{"line":2,"column":13785}},"225":{"start":{"line":2,"column":13786},"end":{"line":2,"column":13883}},"226":{"start":{"line":2,"column":13801},"end":{"line":2,"column":13882}},"227":{"start":{"line":2,"column":13883},"end":{"line":2,"column":13997}},"228":{"start":{"line":2,"column":13901},"end":{"line":2,"column":13996}},"229":{"start":{"line":2,"column":13997},"end":{"line":2,"column":15300}},"230":{"start":{"line":2,"column":15301},"end":{"line":2,"column":15349}},"231":{"start":{"line":2,"column":15396},"end":{"line":2,"column":15455}},"232":{"start":{"line":2,"column":15419},"end":{"line":2,"column":15454}},"233":{"start":{"line":2,"column":15456},"end":{"line":2,"column":15506}},"234":{"start":{"line":2,"column":15544},"end":{"line":2,"column":15751}},"235":{"start":{"line":2,"column":15752},"end":{"line":2,"column":15816}},"236":{"start":{"line":2,"column":15909},"end":{"line":2,"column":15911}},"237":{"start":{"line":2,"column":15931},"end":{"line":2,"column":15964}},"238":{"start":{"line":2,"column":15986},"end":{"line":2,"column":16000}},"239":{"start":{"line":2,"column":16018},"end":{"line":2,"column":16032}},"240":{"start":{"line":2,"column":16059},"end":{"line":2,"column":16094}},"241":{"start":{"line":2,"column":16113},"end":{"line":2,"column":16140}},"242":{"start":{"line":2,"column":16162},"end":{"line":2,"column":16164}},"243":{"start":{"line":2,"column":16165},"end":{"line":2,"column":16428}},"244":{"start":{"line":2,"column":16184},"end":{"line":2,"column":16207}},"245":{"start":{"line":2,"column":16207},"end":{"line":2,"column":16300}},"246":{"start":{"line":2,"column":16306},"end":{"line":2,"column":16329}},"247":{"start":{"line":2,"column":16329},"end":{"line":2,"column":16427}},"248":{"start":{"line":2,"column":16446},"end":{"line":2,"column":16447}},"249":{"start":{"line":2,"column":16471},"end":{"line":2,"column":16500}},"250":{"start":{"line":2,"column":16501},"end":{"line":2,"column":16556}},"251":{"start":{"line":2,"column":16556},"end":{"line":2,"column":16697}},"252":{"start":{"line":2,"column":16572},"end":{"line":2,"column":16612}},"253":{"start":{"line":2,"column":16612},"end":{"line":2,"column":16696}},"254":{"start":{"line":2,"column":16718},"end":{"line":2,"column":16721}},"255":{"start":{"line":2,"column":16722},"end":{"line":2,"column":16891}},"256":{"start":{"line":2,"column":16751},"end":{"line":2,"column":16791}},"257":{"start":{"line":2,"column":16791},"end":{"line":2,"column":16890}},"258":{"start":{"line":2,"column":16891},"end":{"line":2,"column":17057}},"259":{"start":{"line":2,"column":16918},"end":{"line":2,"column":16958}},"260":{"start":{"line":2,"column":16958},"end":{"line":2,"column":17056}},"261":{"start":{"line":2,"column":17057},"end":{"line":2,"column":17102}},"262":{"start":{"line":2,"column":17129},"end":{"line":2,"column":17258}},"263":{"start":{"line":2,"column":17186},"end":{"line":2,"column":17196}},"264":{"start":{"line":2,"column":17223},"end":{"line":2,"column":17246}},"265":{"start":{"line":2,"column":17286},"end":{"line":2,"column":17336}},"266":{"start":{"line":2,"column":17337},"end":{"line":2,"column":17421}},"267":{"start":{"line":2,"column":17421},"end":{"line":2,"column":17528}},"268":{"start":{"line":2,"column":17528},"end":{"line":2,"column":17598}},"269":{"start":{"line":2,"column":17598},"end":{"line":2,"column":17677}},"270":{"start":{"line":2,"column":17677},"end":{"line":2,"column":17776}},"271":{"start":{"line":2,"column":17777},"end":{"line":2,"column":17841}},"272":{"start":{"line":2,"column":17939},"end":{"line":2,"column":17976}},"273":{"start":{"line":2,"column":17998},"end":{"line":2,"column":18036}},"274":{"start":{"line":2,"column":18037},"end":{"line":2,"column":18098}},"275":{"start":{"line":2,"column":18060},"end":{"line":2,"column":18097}},"276":{"start":{"line":2,"column":18115},"end":{"line":2,"column":18140}},"277":{"start":{"line":2,"column":18157},"end":{"line":2,"column":18192}},"278":{"start":{"line":2,"column":18209},"end":{"line":2,"column":18248}},"279":{"start":{"line":2,"column":18249},"end":{"line":2,"column":18390}},"280":{"start":{"line":2,"column":18390},"end":{"line":2,"column":18455}},"281":{"start":{"line":2,"column":18455},"end":{"line":2,"column":18520}},"282":{"start":{"line":2,"column":18520},"end":{"line":2,"column":18613}},"283":{"start":{"line":2,"column":18614},"end":{"line":2,"column":18678}},"284":{"start":{"line":2,"column":18765},"end":{"line":2,"column":18790}},"285":{"start":{"line":2,"column":18808},"end":{"line":2,"column":18828}},"286":{"start":{"line":2,"column":18844},"end":{"line":2,"column":18868}},"287":{"start":{"line":2,"column":18880},"end":{"line":2,"column":18883}},"288":{"start":{"line":2,"column":18896},"end":{"line":2,"column":18900}},"289":{"start":{"line":2,"column":18913},"end":{"line":2,"column":18918}},"290":{"start":{"line":2,"column":18931},"end":{"line":2,"column":18935}},"291":{"start":{"line":2,"column":18952},"end":{"line":2,"column":18967}},"292":{"start":{"line":2,"column":18985},"end":{"line":2,"column":19001}},"293":{"start":{"line":2,"column":19019},"end":{"line":2,"column":19035}},"294":{"start":{"line":2,"column":19053},"end":{"line":2,"column":19069}},"295":{"start":{"line":2,"column":19070},"end":{"line":2,"column":19116}},"296":{"start":{"line":2,"column":19116},"end":{"line":2,"column":19208}},"297":{"start":{"line":2,"column":19208},"end":{"line":2,"column":19297}},"298":{"start":{"line":2,"column":19297},"end":{"line":2,"column":19443}},"299":{"start":{"line":2,"column":19443},"end":{"line":2,"column":19914}},"300":{"start":{"line":2,"column":19468},"end":{"line":2,"column":19553}},"301":{"start":{"line":2,"column":19553},"end":{"line":2,"column":19564}},"302":{"start":{"line":2,"column":19570},"end":{"line":2,"column":19914}},"303":{"start":{"line":2,"column":19595},"end":{"line":2,"column":19680}},"304":{"start":{"line":2,"column":19680},"end":{"line":2,"column":19691}},"305":{"start":{"line":2,"column":19697},"end":{"line":2,"column":19914}},"306":{"start":{"line":2,"column":19722},"end":{"line":2,"column":19807}},"307":{"start":{"line":2,"column":19807},"end":{"line":2,"column":19818}},"308":{"start":{"line":2,"column":19824},"end":{"line":2,"column":19903}},"309":{"start":{"line":2,"column":19903},"end":{"line":2,"column":19913}},"310":{"start":{"line":2,"column":19915},"end":{"line":2,"column":19965}},"311":{"start":{"line":2,"column":20097},"end":{"line":2,"column":20099}},"312":{"start":{"line":2,"column":20100},"end":{"line":2,"column":20163}},"313":{"start":{"line":2,"column":20163},"end":{"line":2,"column":20231}},"314":{"start":{"line":2,"column":20231},"end":{"line":2,"column":20292}},"315":{"start":{"line":2,"column":20292},"end":{"line":2,"column":20340}},"316":{"start":{"line":2,"column":20340},"end":{"line":2,"column":20391}},"317":{"start":{"line":2,"column":20391},"end":{"line":2,"column":20435}},"318":{"start":{"line":2,"column":20435},"end":{"line":2,"column":20478}},"319":{"start":{"line":2,"column":20478},"end":{"line":2,"column":20707}},"320":{"start":{"line":2,"column":20518},"end":{"line":2,"column":20589}},"321":{"start":{"line":2,"column":20589},"end":{"line":2,"column":20706}},"322":{"start":{"line":2,"column":20724},"end":{"line":2,"column":20749}},"323":{"start":{"line":2,"column":20767},"end":{"line":2,"column":20787}},"324":{"start":{"line":2,"column":20805},"end":{"line":2,"column":20825}},"325":{"start":{"line":2,"column":20843},"end":{"line":2,"column":20911}},"326":{"start":{"line":2,"column":20912},"end":{"line":2,"column":21008}},"327":{"start":{"line":2,"column":21025},"end":{"line":2,"column":21061}},"328":{"start":{"line":2,"column":21080},"end":{"line":2,"column":21116}},"329":{"start":{"line":2,"column":21138},"end":{"line":2,"column":21176}},"330":{"start":{"line":2,"column":21199},"end":{"line":2,"column":21239}},"331":{"start":{"line":2,"column":21256},"end":{"line":2,"column":21281}},"332":{"start":{"line":2,"column":21282},"end":{"line":2,"column":21386}},"333":{"start":{"line":2,"column":21386},"end":{"line":2,"column":21600}},"334":{"start":{"line":2,"column":21406},"end":{"line":2,"column":21480}},"335":{"start":{"line":2,"column":21480},"end":{"line":2,"column":21599}},"336":{"start":{"line":2,"column":21616},"end":{"line":2,"column":21645}},"337":{"start":{"line":2,"column":21646},"end":{"line":2,"column":21759}},"338":{"start":{"line":2,"column":21759},"end":{"line":2,"column":21969}},"339":{"start":{"line":2,"column":21779},"end":{"line":2,"column":21853}},"340":{"start":{"line":2,"column":21853},"end":{"line":2,"column":21968}},"341":{"start":{"line":2,"column":21979},"end":{"line":2,"column":21987}},"342":{"start":{"line":2,"column":21988},"end":{"line":2,"column":22048}},"343":{"start":{"line":2,"column":22058},"end":{"line":2,"column":22088}},"344":{"start":{"line":2,"column":22089},"end":{"line":2,"column":22215}},"345":{"start":{"line":2,"column":22224},"end":{"line":2,"column":22238}},"346":{"start":{"line":2,"column":22239},"end":{"line":2,"column":22330}},"347":{"start":{"line":2,"column":22340},"end":{"line":2,"column":22353}},"348":{"start":{"line":2,"column":22354},"end":{"line":2,"column":22446}},"349":{"start":{"line":2,"column":22467},"end":{"line":2,"column":22496}},"350":{"start":{"line":2,"column":22515},"end":{"line":2,"column":22541}},"351":{"start":{"line":2,"column":22542},"end":{"line":2,"column":22640}},"352":{"start":{"line":2,"column":22640},"end":{"line":2,"column":22739}},"353":{"start":{"line":2,"column":22739},"end":{"line":2,"column":22836}},"354":{"start":{"line":2,"column":22836},"end":{"line":2,"column":23190}},"355":{"start":{"line":2,"column":22857},"end":{"line":2,"column":22964}},"356":{"start":{"line":2,"column":22970},"end":{"line":2,"column":23190}},"357":{"start":{"line":2,"column":22991},"end":{"line":2,"column":23096}},"358":{"start":{"line":2,"column":23102},"end":{"line":2,"column":23189}},"359":{"start":{"line":2,"column":23203},"end":{"line":2,"column":23204}},"360":{"start":{"line":2,"column":23214},"end":{"line":2,"column":23215}},"361":{"start":{"line":2,"column":23225},"end":{"line":2,"column":23226}},"362":{"start":{"line":2,"column":23236},"end":{"line":2,"column":23237}},"363":{"start":{"line":2,"column":23238},"end":{"line":2,"column":23404}},"364":{"start":{"line":2,"column":23267},"end":{"line":2,"column":23288}},"365":{"start":{"line":2,"column":23288},"end":{"line":2,"column":23294}},"366":{"start":{"line":2,"column":23304},"end":{"line":2,"column":23325}},"367":{"start":{"line":2,"column":23325},"end":{"line":2,"column":23331}},"368":{"start":{"line":2,"column":23341},"end":{"line":2,"column":23362}},"369":{"start":{"line":2,"column":23362},"end":{"line":2,"column":23368}},"370":{"start":{"line":2,"column":23377},"end":{"line":2,"column":23398}},"371":{"start":{"line":2,"column":23398},"end":{"line":2,"column":23403}},"372":{"start":{"line":2,"column":23404},"end":{"line":2,"column":23659}},"373":{"start":{"line":2,"column":23660},"end":{"line":2,"column":23712}},"374":{"start":{"line":2,"column":23712},"end":{"line":2,"column":24231}}},"fnMap":{"0":{"name":"(anonymous_0)","decl":{"start":{"line":1,"column":110},"end":{"line":1,"column":111}},"loc":{"start":{"line":1,"column":114},"end":{"line":3,"column":1}},"line":1},"1":{"name":"(anonymous_1)","decl":{"start":{"line":2,"column":198},"end":{"line":2,"column":199}},"loc":{"start":{"line":2,"column":214},"end":{"line":2,"column":264}},"line":2},"2":{"name":"(anonymous_2)","decl":{"start":{"line":2,"column":278},"end":{"line":2,"column":279}},"loc":{"start":{"line":2,"column":292},"end":{"line":2,"column":368}},"line":2},"3":{"name":"(anonymous_3)","decl":{"start":{"line":2,"column":385},"end":{"line":2,"column":386}},"loc":{"start":{"line":2,"column":408},"end":{"line":2,"column":662}},"line":2},"4":{"name":"(anonymous_4)","decl":{"start":{"line":2,"column":573},"end":{"line":2,"column":574}},"loc":{"start":{"line":2,"column":577},"end":{"line":2,"column":586}},"line":2},"5":{"name":"(anonymous_5)","decl":{"start":{"line":2,"column":680},"end":{"line":2,"column":681}},"loc":{"start":{"line":2,"column":685},"end":{"line":2,"column":741}},"line":2},"6":{"name":"(anonymous_6)","decl":{"start":{"line":2,"column":834},"end":{"line":2,"column":835}},"loc":{"start":{"line":2,"column":838},"end":{"line":2,"column":864}},"line":2},"7":{"name":"(anonymous_7)","decl":{"start":{"line":2,"column":892},"end":{"line":2,"column":893}},"loc":{"start":{"line":2,"column":896},"end":{"line":2,"column":922}},"line":2},"8":{"name":"(anonymous_8)","decl":{"start":{"line":2,"column":942},"end":{"line":2,"column":943}},"loc":{"start":{"line":2,"column":946},"end":{"line":2,"column":964}},"line":2},"9":{"name":"(anonymous_9)","decl":{"start":{"line":2,"column":985},"end":{"line":2,"column":986}},"loc":{"start":{"line":2,"column":989},"end":{"line":2,"column":1008}},"line":2},"10":{"name":"(anonymous_10)","decl":{"start":{"line":2,"column":1023},"end":{"line":2,"column":1024}},"loc":{"start":{"line":2,"column":1027},"end":{"line":2,"column":1040}},"line":2},"11":{"name":"(anonymous_11)","decl":{"start":{"line":2,"column":1062},"end":{"line":2,"column":1063}},"loc":{"start":{"line":2,"column":1066},"end":{"line":2,"column":1086}},"line":2},"12":{"name":"(anonymous_12)","decl":{"start":{"line":2,"column":1107},"end":{"line":2,"column":1108}},"loc":{"start":{"line":2,"column":1111},"end":{"line":2,"column":1130}},"line":2},"13":{"name":"(anonymous_13)","decl":{"start":{"line":2,"column":1148},"end":{"line":2,"column":1149}},"loc":{"start":{"line":2,"column":1152},"end":{"line":2,"column":1168}},"line":2},"14":{"name":"(anonymous_14)","decl":{"start":{"line":2,"column":1185},"end":{"line":2,"column":1186}},"loc":{"start":{"line":2,"column":1189},"end":{"line":2,"column":1204}},"line":2},"15":{"name":"(anonymous_15)","decl":{"start":{"line":2,"column":1220},"end":{"line":2,"column":1221}},"loc":{"start":{"line":2,"column":1224},"end":{"line":2,"column":1238}},"line":2},"16":{"name":"(anonymous_16)","decl":{"start":{"line":2,"column":1252},"end":{"line":2,"column":1253}},"loc":{"start":{"line":2,"column":1256},"end":{"line":2,"column":1268}},"line":2},"17":{"name":"(anonymous_17)","decl":{"start":{"line":2,"column":1301},"end":{"line":2,"column":1302}},"loc":{"start":{"line":2,"column":1305},"end":{"line":2,"column":1336}},"line":2},"18":{"name":"(anonymous_18)","decl":{"start":{"line":2,"column":1350},"end":{"line":2,"column":1351}},"loc":{"start":{"line":2,"column":1354},"end":{"line":2,"column":1366}},"line":2},"19":{"name":"(anonymous_19)","decl":{"start":{"line":2,"column":1385},"end":{"line":2,"column":1386}},"loc":{"start":{"line":2,"column":1389},"end":{"line":2,"column":1406}},"line":2},"20":{"name":"(anonymous_20)","decl":{"start":{"line":2,"column":1419},"end":{"line":2,"column":1420}},"loc":{"start":{"line":2,"column":1423},"end":{"line":2,"column":1434}},"line":2},"21":{"name":"(anonymous_21)","decl":{"start":{"line":2,"column":1447},"end":{"line":2,"column":1448}},"loc":{"start":{"line":2,"column":1451},"end":{"line":2,"column":1462}},"line":2},"22":{"name":"(anonymous_22)","decl":{"start":{"line":2,"column":1479},"end":{"line":2,"column":1480}},"loc":{"start":{"line":2,"column":1483},"end":{"line":2,"column":1498}},"line":2},"23":{"name":"(anonymous_23)","decl":{"start":{"line":2,"column":1515},"end":{"line":2,"column":1516}},"loc":{"start":{"line":2,"column":1519},"end":{"line":2,"column":1534}},"line":2},"24":{"name":"(anonymous_24)","decl":{"start":{"line":2,"column":1548},"end":{"line":2,"column":1549}},"loc":{"start":{"line":2,"column":1552},"end":{"line":2,"column":1564}},"line":2},"25":{"name":"(anonymous_25)","decl":{"start":{"line":2,"column":1591},"end":{"line":2,"column":1592}},"loc":{"start":{"line":2,"column":1595},"end":{"line":2,"column":1620}},"line":2},"26":{"name":"(anonymous_26)","decl":{"start":{"line":2,"column":1641},"end":{"line":2,"column":1642}},"loc":{"start":{"line":2,"column":1645},"end":{"line":2,"column":1664}},"line":2},"27":{"name":"(anonymous_27)","decl":{"start":{"line":2,"column":1684},"end":{"line":2,"column":1685}},"loc":{"start":{"line":2,"column":1688},"end":{"line":2,"column":1706}},"line":2},"28":{"name":"(anonymous_28)","decl":{"start":{"line":2,"column":1724},"end":{"line":2,"column":1725}},"loc":{"start":{"line":2,"column":1728},"end":{"line":2,"column":1744}},"line":2},"29":{"name":"(anonymous_29)","decl":{"start":{"line":2,"column":1771},"end":{"line":2,"column":1772}},"loc":{"start":{"line":2,"column":1775},"end":{"line":2,"column":1800}},"line":2},"30":{"name":"(anonymous_30)","decl":{"start":{"line":2,"column":1822},"end":{"line":2,"column":1823}},"loc":{"start":{"line":2,"column":1826},"end":{"line":2,"column":1846}},"line":2},"31":{"name":"(anonymous_31)","decl":{"start":{"line":2,"column":1874},"end":{"line":2,"column":1875}},"loc":{"start":{"line":2,"column":1878},"end":{"line":2,"column":1904}},"line":2},"32":{"name":"getParametrosTerreno","decl":{"start":{"line":2,"column":1969},"end":{"line":2,"column":1989}},"loc":{"start":{"line":2,"column":1991},"end":{"line":2,"column":2475}},"line":2},"33":{"name":"determinarClaseEstructura","decl":{"start":{"line":2,"column":2536},"end":{"line":2,"column":2561}},"loc":{"start":{"line":2,"column":2571},"end":{"line":2,"column":2777}},"line":2},"34":{"name":"getParametrosPorCategoria","decl":{"start":{"line":2,"column":2848},"end":{"line":2,"column":2873}},"loc":{"start":{"line":2,"column":2884},"end":{"line":2,"column":3099}},"line":2},"35":{"name":"(anonymous_35)","decl":{"start":{"line":2,"column":2955},"end":{"line":2,"column":2956}},"loc":{"start":{"line":2,"column":2958},"end":{"line":2,"column":2981}},"line":2},"36":{"name":"getAlphaPorClase","decl":{"start":{"line":2,"column":3170},"end":{"line":2,"column":3186}},"loc":{"start":{"line":2,"column":3207},"end":{"line":2,"column":3419}},"line":2},"37":{"name":"calculateArea","decl":{"start":{"line":2,"column":3472},"end":{"line":2,"column":3485}},"loc":{"start":{"line":2,"column":3499},"end":{"line":2,"column":3520}},"line":2},"38":{"name":"calculateVolume","decl":{"start":{"line":2,"column":3567},"end":{"line":2,"column":3582}},"loc":{"start":{"line":2,"column":3598},"end":{"line":2,"column":3621}},"line":2},"39":{"name":"calculateWeight","decl":{"start":{"line":2,"column":3672},"end":{"line":2,"column":3687}},"loc":{"start":{"line":2,"column":3708},"end":{"line":2,"column":3735}},"line":2},"40":{"name":"calculateFrz","decl":{"start":{"line":2,"column":3786},"end":{"line":2,"column":3798}},"loc":{"start":{"line":2,"column":3818},"end":{"line":2,"column":3860}},"line":2},"41":{"name":"calculateFalpha","decl":{"start":{"line":2,"column":3905},"end":{"line":2,"column":3920}},"loc":{"start":{"line":2,"column":3931},"end":{"line":2,"column":3949}},"line":2},"42":{"name":"calculateVd","decl":{"start":{"line":2,"column":4000},"end":{"line":2,"column":4011}},"loc":{"start":{"line":2,"column":4029},"end":{"line":2,"column":4054}},"line":2},"43":{"name":"calculateCorrection","decl":{"start":{"line":2,"column":4097},"end":{"line":2,"column":4116}},"loc":{"start":{"line":2,"column":4144},"end":{"line":2,"column":4199}},"line":2},"44":{"name":"calculateQz","decl":{"start":{"line":2,"column":4258},"end":{"line":2,"column":4269}},"loc":{"start":{"line":2,"column":4279},"end":{"line":2,"column":4314}},"line":2},"45":{"name":"calculatePressure","decl":{"start":{"line":2,"column":4357},"end":{"line":2,"column":4374}},"loc":{"start":{"line":2,"column":4397},"end":{"line":2,"column":4429}},"line":2},"46":{"name":"calculateForce","decl":{"start":{"line":2,"column":4484},"end":{"line":2,"column":4498}},"loc":{"start":{"line":2,"column":4519},"end":{"line":2,"column":4547}},"line":2},"47":{"name":"calculateFactorG","decl":{"start":{"line":2,"column":4596},"end":{"line":2,"column":4612}},"loc":{"start":{"line":2,"column":4640},"end":{"line":2,"column":5218}},"line":2},"48":{"name":"calculateYCG","decl":{"start":{"line":2,"column":5271},"end":{"line":2,"column":5283}},"loc":{"start":{"line":2,"column":5313},"end":{"line":2,"column":5440}},"line":2},"49":{"name":"calculateNFT","decl":{"start":{"line":2,"column":5485},"end":{"line":2,"column":5497}},"loc":{"start":{"line":2,"column":5584},"end":{"line":2,"column":7328}},"line":2},"50":{"name":"calculateGradosInclinacionBrace","decl":{"start":{"line":2,"column":7373},"end":{"line":2,"column":7404}},"loc":{"start":{"line":2,"column":7438},"end":{"line":2,"column":8412}},"line":2},"51":{"name":"determineTipoBrace","decl":{"start":{"line":2,"column":8495},"end":{"line":2,"column":8513}},"loc":{"start":{"line":2,"column":8562},"end":{"line":2,"column":10007}},"line":2},"52":{"name":"calcularVientoMuro","decl":{"start":{"line":2,"column":10064},"end":{"line":2,"column":10082}},"loc":{"start":{"line":2,"column":10099},"end":{"line":2,"column":15301}},"line":2},"53":{"name":"calcularVientoMuros","decl":{"start":{"line":2,"column":15358},"end":{"line":2,"column":15377}},"loc":{"start":{"line":2,"column":15395},"end":{"line":2,"column":15456}},"line":2},"54":{"name":"(anonymous_54)","decl":{"start":{"line":2,"column":15413},"end":{"line":2,"column":15414}},"loc":{"start":{"line":2,"column":15419},"end":{"line":2,"column":15454}},"line":2},"55":{"name":"getParametrosVientoDefecto","decl":{"start":{"line":2,"column":15515},"end":{"line":2,"column":15541}},"loc":{"start":{"line":2,"column":15543},"end":{"line":2,"column":15752}},"line":2},"56":{"name":"calcularDistribucionBraces","decl":{"start":{"line":2,"column":15825},"end":{"line":2,"column":15851}},"loc":{"start":{"line":2,"column":15888},"end":{"line":2,"column":17777}},"line":2},"57":{"name":"(anonymous_57)","decl":{"start":{"line":2,"column":17165},"end":{"line":2,"column":17166}},"loc":{"start":{"line":2,"column":17186},"end":{"line":2,"column":17196}},"line":2},"58":{"name":"(anonymous_58)","decl":{"start":{"line":2,"column":17202},"end":{"line":2,"column":17203}},"loc":{"start":{"line":2,"column":17223},"end":{"line":2,"column":17246}},"line":2},"59":{"name":"calcularInsertoCoordinates","decl":{"start":{"line":2,"column":17850},"end":{"line":2,"column":17876}},"loc":{"start":{"line":2,"column":17921},"end":{"line":2,"column":18614}},"line":2},"60":{"name":"determinarTipoBrace","decl":{"start":{"line":2,"column":18687},"end":{"line":2,"column":18706}},"loc":{"start":{"line":2,"column":18747},"end":{"line":2,"column":19915}},"line":2},"61":{"name":"calculateBraceForces","decl":{"start":{"line":2,"column":19974},"end":{"line":2,"column":19994}},"loc":{"start":{"line":2,"column":20076},"end":{"line":2,"column":23660}},"line":2}},"branchMap":{"0":{"loc":{"start":{"line":2,"column":409},"end":{"line":2,"column":652}},"type":"if","locations":[{"start":{"line":2,"column":409},"end":{"line":2,"column":652}},{"start":{},"end":{}}],"line":2},"1":{"loc":{"start":{"line":2,"column":412},"end":{"line":2,"column":466}},"type":"binary-expr","locations":[{"start":{"line":2,"column":412},"end":{"line":2,"column":416}},{"start":{"line":2,"column":418},"end":{"line":2,"column":440}},{"start":{"line":2,"column":442},"end":{"line":2,"column":466}}],"line":2},"2":{"loc":{"start":{"line":2,"column":507},"end":{"line":2,"column":651}},"type":"if","locations":[{"start":{"line":2,"column":507},"end":{"line":2,"column":651}},{"start":{},"end":{}}],"line":2},"3":{"loc":{"start":{"line":2,"column":510},"end":{"line":2,"column":550}},"type":"binary-expr","locations":[{"start":{"line":2,"column":510},"end":{"line":2,"column":536}},{"start":{"line":2,"column":538},"end":{"line":2,"column":550}}],"line":2},"4":{"loc":{"start":{"line":2,"column":598},"end":{"line":2,"column":649}},"type":"binary-expr","locations":[{"start":{"line":2,"column":598},"end":{"line":2,"column":632}},{"start":{"line":2,"column":634},"end":{"line":2,"column":649}}],"line":2},"5":{"loc":{"start":{"line":2,"column":2572},"end":{"line":2,"column":2776}},"type":"if","locations":[{"start":{"line":2,"column":2572},"end":{"line":2,"column":2776}},{"start":{"line":2,"column":2643},"end":{"line":2,"column":2776}}],"line":2},"6":{"loc":{"start":{"line":2,"column":2643},"end":{"line":2,"column":2776}},"type":"if","locations":[{"start":{"line":2,"column":2643},"end":{"line":2,"column":2776}},{"start":{"line":2,"column":2717},"end":{"line":2,"column":2776}}],"line":2},"7":{"loc":{"start":{"line":2,"column":2983},"end":{"line":2,"column":3084}},"type":"if","locations":[{"start":{"line":2,"column":2983},"end":{"line":2,"column":3084}},{"start":{},"end":{}}],"line":2},"8":{"loc":{"start":{"line":2,"column":3208},"end":{"line":2,"column":3418}},"type":"switch","locations":[{"start":{"line":2,"column":3222},"end":{"line":2,"column":3259}},{"start":{"line":2,"column":3259},"end":{"line":2,"column":3296}},{"start":{"line":2,"column":3296},"end":{"line":2,"column":3333}},{"start":{"line":2,"column":3333},"end":{"line":2,"column":3417}}],"line":2},"9":{"loc":{"start":{"line":2,"column":3695},"end":{"line":2,"column":3707}},"type":"default-arg","locations":[{"start":{"line":2,"column":3703},"end":{"line":2,"column":3707}}],"line":2},"10":{"loc":{"start":{"line":2,"column":5293},"end":{"line":2,"column":5312}},"type":"default-arg","locations":[{"start":{"line":2,"column":5299},"end":{"line":2,"column":5312}}],"line":2},"11":{"loc":{"start":{"line":2,"column":5314},"end":{"line":2,"column":5439}},"type":"switch","locations":[{"start":{"line":2,"column":5342},"end":{"line":2,"column":5378}},{"start":{"line":2,"column":5378},"end":{"line":2,"column":5413}},{"start":{"line":2,"column":5413},"end":{"line":2,"column":5438}}],"line":2},"12":{"loc":{"start":{"line":2,"column":5498},"end":{"line":2,"column":5523}},"type":"default-arg","locations":[{"start":{"line":2,"column":5522},"end":{"line":2,"column":5523}}],"line":2},"13":{"loc":{"start":{"line":2,"column":5524},"end":{"line":2,"column":5538}},"type":"default-arg","locations":[{"start":{"line":2,"column":5537},"end":{"line":2,"column":5538}}],"line":2},"14":{"loc":{"start":{"line":2,"column":5539},"end":{"line":2,"column":5557}},"type":"default-arg","locations":[{"start":{"line":2,"column":5554},"end":{"line":2,"column":5557}}],"line":2},"15":{"loc":{"start":{"line":2,"column":5558},"end":{"line":2,"column":5583}},"type":"default-arg","locations":[{"start":{"line":2,"column":5580},"end":{"line":2,"column":5583}}],"line":2},"16":{"loc":{"start":{"line":2,"column":6293},"end":{"line":2,"column":6522}},"type":"if","locations":[{"start":{"line":2,"column":6293},"end":{"line":2,"column":6522}},{"start":{"line":2,"column":6395},"end":{"line":2,"column":6522}}],"line":2},"17":{"loc":{"start":{"line":2,"column":6395},"end":{"line":2,"column":6522}},"type":"if","locations":[{"start":{"line":2,"column":6395},"end":{"line":2,"column":6522}},{"start":{},"end":{}}],"line":2},"18":{"loc":{"start":{"line":2,"column":6522},"end":{"line":2,"column":6772}},"type":"if","locations":[{"start":{"line":2,"column":6522},"end":{"line":2,"column":6772}},{"start":{"line":2,"column":6664},"end":{"line":2,"column":6772}}],"line":2},"19":{"loc":{"start":{"line":2,"column":6664},"end":{"line":2,"column":6772}},"type":"if","locations":[{"start":{"line":2,"column":6664},"end":{"line":2,"column":6772}},{"start":{},"end":{}}],"line":2},"20":{"loc":{"start":{"line":2,"column":6772},"end":{"line":2,"column":6969}},"type":"if","locations":[{"start":{"line":2,"column":6772},"end":{"line":2,"column":6969}},{"start":{"line":2,"column":6875},"end":{"line":2,"column":6969}}],"line":2},"21":{"loc":{"start":{"line":2,"column":6875},"end":{"line":2,"column":6969}},"type":"if","locations":[{"start":{"line":2,"column":6875},"end":{"line":2,"column":6969}},{"start":{},"end":{}}],"line":2},"22":{"loc":{"start":{"line":2,"column":7439},"end":{"line":2,"column":7523}},"type":"if","locations":[{"start":{"line":2,"column":7439},"end":{"line":2,"column":7523}},{"start":{},"end":{}}],"line":2},"23":{"loc":{"start":{"line":2,"column":7983},"end":{"line":2,"column":8391}},"type":"if","locations":[{"start":{"line":2,"column":7983},"end":{"line":2,"column":8391}},{"start":{"line":2,"column":8134},"end":{"line":2,"column":8391}}],"line":2},"24":{"loc":{"start":{"line":2,"column":8134},"end":{"line":2,"column":8391}},"type":"if","locations":[{"start":{"line":2,"column":8134},"end":{"line":2,"column":8391}},{"start":{"line":2,"column":8286},"end":{"line":2,"column":8391}}],"line":2},"25":{"loc":{"start":{"line":2,"column":8537},"end":{"line":2,"column":8561}},"type":"default-arg","locations":[{"start":{"line":2,"column":8551},"end":{"line":2,"column":8561}}],"line":2},"26":{"loc":{"start":{"line":2,"column":8774},"end":{"line":2,"column":9110}},"type":"if","locations":[{"start":{"line":2,"column":8774},"end":{"line":2,"column":9110}},{"start":{"line":2,"column":8952},"end":{"line":2,"column":9110}}],"line":2},"27":{"loc":{"start":{"line":2,"column":9110},"end":{"line":2,"column":9453}},"type":"if","locations":[{"start":{"line":2,"column":9110},"end":{"line":2,"column":9453}},{"start":{"line":2,"column":9228},"end":{"line":2,"column":9453}}],"line":2},"28":{"loc":{"start":{"line":2,"column":9228},"end":{"line":2,"column":9453}},"type":"if","locations":[{"start":{"line":2,"column":9228},"end":{"line":2,"column":9453}},{"start":{"line":2,"column":9357},"end":{"line":2,"column":9453}}],"line":2},"29":{"loc":{"start":{"line":2,"column":9453},"end":{"line":2,"column":9562}},"type":"if","locations":[{"start":{"line":2,"column":9453},"end":{"line":2,"column":9562}},{"start":{},"end":{}}],"line":2},"30":{"loc":{"start":{"line":2,"column":9562},"end":{"line":2,"column":9674}},"type":"if","locations":[{"start":{"line":2,"column":9562},"end":{"line":2,"column":9674}},{"start":{},"end":{}}],"line":2},"31":{"loc":{"start":{"line":2,"column":10134},"end":{"line":2,"column":10154}},"type":"binary-expr","locations":[{"start":{"line":2,"column":10134},"end":{"line":2,"column":10151}},{"start":{"line":2,"column":10153},"end":{"line":2,"column":10154}}],"line":2},"32":{"loc":{"start":{"line":2,"column":10168},"end":{"line":2,"column":10188}},"type":"binary-expr","locations":[{"start":{"line":2,"column":10168},"end":{"line":2,"column":10185}},{"start":{"line":2,"column":10187},"end":{"line":2,"column":10188}}],"line":2},"33":{"loc":{"start":{"line":2,"column":10207},"end":{"line":2,"column":10236}},"type":"binary-expr","locations":[{"start":{"line":2,"column":10207},"end":{"line":2,"column":10233}},{"start":{"line":2,"column":10235},"end":{"line":2,"column":10236}}],"line":2},"34":{"loc":{"start":{"line":2,"column":10397},"end":{"line":2,"column":10436}},"type":"binary-expr","locations":[{"start":{"line":2,"column":10397},"end":{"line":2,"column":10433}},{"start":{"line":2,"column":10435},"end":{"line":2,"column":10436}}],"line":2},"35":{"loc":{"start":{"line":2,"column":10488},"end":{"line":2,"column":10959}},"type":"if","locations":[{"start":{"line":2,"column":10488},"end":{"line":2,"column":10959}},{"start":{"line":2,"column":10689},"end":{"line":2,"column":10959}}],"line":2},"36":{"loc":{"start":{"line":2,"column":10491},"end":{"line":2,"column":10556}},"type":"binary-expr","locations":[{"start":{"line":2,"column":10491},"end":{"line":2,"column":10510}},{"start":{"line":2,"column":10512},"end":{"line":2,"column":10536}},{"start":{"line":2,"column":10538},"end":{"line":2,"column":10556}}],"line":2},"37":{"loc":{"start":{"line":2,"column":10689},"end":{"line":2,"column":10959}},"type":"if","locations":[{"start":{"line":2,"column":10689},"end":{"line":2,"column":10959}},{"start":{},"end":{}}],"line":2},"38":{"loc":{"start":{"line":2,"column":10692},"end":{"line":2,"column":10718}},"type":"binary-expr","locations":[{"start":{"line":2,"column":10692},"end":{"line":2,"column":10703}},{"start":{"line":2,"column":10705},"end":{"line":2,"column":10718}}],"line":2},"39":{"loc":{"start":{"line":2,"column":10754},"end":{"line":2,"column":10783}},"type":"if","locations":[{"start":{"line":2,"column":10754},"end":{"line":2,"column":10783}},{"start":{},"end":{}}],"line":2},"40":{"loc":{"start":{"line":2,"column":11060},"end":{"line":2,"column":11194}},"type":"if","locations":[{"start":{"line":2,"column":11060},"end":{"line":2,"column":11194}},{"start":{},"end":{}}],"line":2},"41":{"loc":{"start":{"line":2,"column":11063},"end":{"line":2,"column":11083}},"type":"binary-expr","locations":[{"start":{"line":2,"column":11063},"end":{"line":2,"column":11071}},{"start":{"line":2,"column":11073},"end":{"line":2,"column":11083}}],"line":2},"42":{"loc":{"start":{"line":2,"column":11194},"end":{"line":2,"column":11329}},"type":"if","locations":[{"start":{"line":2,"column":11194},"end":{"line":2,"column":11329}},{"start":{},"end":{}}],"line":2},"43":{"loc":{"start":{"line":2,"column":11197},"end":{"line":2,"column":11223}},"type":"binary-expr","locations":[{"start":{"line":2,"column":11197},"end":{"line":2,"column":11208}},{"start":{"line":2,"column":11210},"end":{"line":2,"column":11223}}],"line":2},"44":{"loc":{"start":{"line":2,"column":12641},"end":{"line":2,"column":12678}},"type":"binary-expr","locations":[{"start":{"line":2,"column":12641},"end":{"line":2,"column":12675}},{"start":{"line":2,"column":12677},"end":{"line":2,"column":12678}}],"line":2},"45":{"loc":{"start":{"line":2,"column":12679},"end":{"line":2,"column":12720}},"type":"binary-expr","locations":[{"start":{"line":2,"column":12679},"end":{"line":2,"column":12717}},{"start":{"line":2,"column":12719},"end":{"line":2,"column":12720}}],"line":2},"46":{"loc":{"start":{"line":2,"column":12721},"end":{"line":2,"column":12760}},"type":"binary-expr","locations":[{"start":{"line":2,"column":12721},"end":{"line":2,"column":12755}},{"start":{"line":2,"column":12757},"end":{"line":2,"column":12760}}],"line":2},"47":{"loc":{"start":{"line":2,"column":12761},"end":{"line":2,"column":12798}},"type":"binary-expr","locations":[{"start":{"line":2,"column":12761},"end":{"line":2,"column":12793}},{"start":{"line":2,"column":12795},"end":{"line":2,"column":12798}}],"line":2},"48":{"loc":{"start":{"line":2,"column":13632},"end":{"line":2,"column":13786}},"type":"if","locations":[{"start":{"line":2,"column":13632},"end":{"line":2,"column":13786}},{"start":{},"end":{}}],"line":2},"49":{"loc":{"start":{"line":2,"column":13786},"end":{"line":2,"column":13883}},"type":"if","locations":[{"start":{"line":2,"column":13786},"end":{"line":2,"column":13883}},{"start":{},"end":{}}],"line":2},"50":{"loc":{"start":{"line":2,"column":13883},"end":{"line":2,"column":13997}},"type":"if","locations":[{"start":{"line":2,"column":13883},"end":{"line":2,"column":13997}},{"start":{},"end":{}}],"line":2},"51":{"loc":{"start":{"line":2,"column":14008},"end":{"line":2,"column":14019}},"type":"binary-expr","locations":[{"start":{"line":2,"column":14008},"end":{"line":2,"column":14016}},{"start":{"line":2,"column":14018},"end":{"line":2,"column":14019}}],"line":2},"52":{"loc":{"start":{"line":2,"column":14028},"end":{"line":2,"column":14047}},"type":"binary-expr","locations":[{"start":{"line":2,"column":14028},"end":{"line":2,"column":14040}},{"start":{"line":2,"column":14042},"end":{"line":2,"column":14047}}],"line":2},"53":{"loc":{"start":{"line":2,"column":16165},"end":{"line":2,"column":16428}},"type":"if","locations":[{"start":{"line":2,"column":16165},"end":{"line":2,"column":16428}},{"start":{"line":2,"column":16305},"end":{"line":2,"column":16428}}],"line":2},"54":{"loc":{"start":{"line":2,"column":16556},"end":{"line":2,"column":16697}},"type":"if","locations":[{"start":{"line":2,"column":16556},"end":{"line":2,"column":16697}},{"start":{},"end":{}}],"line":2},"55":{"loc":{"start":{"line":2,"column":16722},"end":{"line":2,"column":16891}},"type":"if","locations":[{"start":{"line":2,"column":16722},"end":{"line":2,"column":16891}},{"start":{},"end":{}}],"line":2},"56":{"loc":{"start":{"line":2,"column":16891},"end":{"line":2,"column":17057}},"type":"if","locations":[{"start":{"line":2,"column":16891},"end":{"line":2,"column":17057}},{"start":{},"end":{}}],"line":2},"57":{"loc":{"start":{"line":2,"column":17915},"end":{"line":2,"column":17920}},"type":"default-arg","locations":[{"start":{"line":2,"column":17919},"end":{"line":2,"column":17920}}],"line":2},"58":{"loc":{"start":{"line":2,"column":17998},"end":{"line":2,"column":18036}},"type":"binary-expr","locations":[{"start":{"line":2,"column":17998},"end":{"line":2,"column":18033}},{"start":{"line":2,"column":18035},"end":{"line":2,"column":18036}}],"line":2},"59":{"loc":{"start":{"line":2,"column":18037},"end":{"line":2,"column":18098}},"type":"if","locations":[{"start":{"line":2,"column":18037},"end":{"line":2,"column":18098}},{"start":{},"end":{}}],"line":2},"60":{"loc":{"start":{"line":2,"column":18734},"end":{"line":2,"column":18746}},"type":"default-arg","locations":[{"start":{"line":2,"column":18744},"end":{"line":2,"column":18746}}],"line":2},"61":{"loc":{"start":{"line":2,"column":19443},"end":{"line":2,"column":19914}},"type":"if","locations":[{"start":{"line":2,"column":19443},"end":{"line":2,"column":19914}},{"start":{"line":2,"column":19570},"end":{"line":2,"column":19914}}],"line":2},"62":{"loc":{"start":{"line":2,"column":19570},"end":{"line":2,"column":19914}},"type":"if","locations":[{"start":{"line":2,"column":19570},"end":{"line":2,"column":19914}},{"start":{"line":2,"column":19697},"end":{"line":2,"column":19914}}],"line":2},"63":{"loc":{"start":{"line":2,"column":19697},"end":{"line":2,"column":19914}},"type":"if","locations":[{"start":{"line":2,"column":19697},"end":{"line":2,"column":19914}},{"start":{"line":2,"column":19823},"end":{"line":2,"column":19914}}],"line":2},"64":{"loc":{"start":{"line":2,"column":20045},"end":{"line":2,"column":20050}},"type":"default-arg","locations":[{"start":{"line":2,"column":20049},"end":{"line":2,"column":20050}}],"line":2},"65":{"loc":{"start":{"line":2,"column":20051},"end":{"line":2,"column":20063}},"type":"default-arg","locations":[{"start":{"line":2,"column":20061},"end":{"line":2,"column":20063}}],"line":2},"66":{"loc":{"start":{"line":2,"column":20478},"end":{"line":2,"column":20707}},"type":"if","locations":[{"start":{"line":2,"column":20478},"end":{"line":2,"column":20707}},{"start":{},"end":{}}],"line":2},"67":{"loc":{"start":{"line":2,"column":20481},"end":{"line":2,"column":20516}},"type":"binary-expr","locations":[{"start":{"line":2,"column":20481},"end":{"line":2,"column":20497}},{"start":{"line":2,"column":20499},"end":{"line":2,"column":20516}}],"line":2},"68":{"loc":{"start":{"line":2,"column":20843},"end":{"line":2,"column":20911}},"type":"binary-expr","locations":[{"start":{"line":2,"column":20843},"end":{"line":2,"column":20854}},{"start":{"line":2,"column":20856},"end":{"line":2,"column":20911}}],"line":2},"69":{"loc":{"start":{"line":2,"column":20962},"end":{"line":2,"column":21004}},"type":"cond-expr","locations":[{"start":{"line":2,"column":20974},"end":{"line":2,"column":20985}},{"start":{"line":2,"column":20986},"end":{"line":2,"column":21004}}],"line":2},"70":{"loc":{"start":{"line":2,"column":21138},"end":{"line":2,"column":21176}},"type":"binary-expr","locations":[{"start":{"line":2,"column":21138},"end":{"line":2,"column":21160}},{"start":{"line":2,"column":21162},"end":{"line":2,"column":21176}}],"line":2},"71":{"loc":{"start":{"line":2,"column":21199},"end":{"line":2,"column":21239}},"type":"binary-expr","locations":[{"start":{"line":2,"column":21199},"end":{"line":2,"column":21222}},{"start":{"line":2,"column":21224},"end":{"line":2,"column":21239}}],"line":2},"72":{"loc":{"start":{"line":2,"column":21386},"end":{"line":2,"column":21600}},"type":"if","locations":[{"start":{"line":2,"column":21386},"end":{"line":2,"column":21600}},{"start":{},"end":{}}],"line":2},"73":{"loc":{"start":{"line":2,"column":21759},"end":{"line":2,"column":21969}},"type":"if","locations":[{"start":{"line":2,"column":21759},"end":{"line":2,"column":21969}},{"start":{},"end":{}}],"line":2},"74":{"loc":{"start":{"line":2,"column":22836},"end":{"line":2,"column":23190}},"type":"if","locations":[{"start":{"line":2,"column":22836},"end":{"line":2,"column":23190}},{"start":{"line":2,"column":22970},"end":{"line":2,"column":23190}}],"line":2},"75":{"loc":{"start":{"line":2,"column":22970},"end":{"line":2,"column":23190}},"type":"if","locations":[{"start":{"line":2,"column":22970},"end":{"line":2,"column":23190}},{"start":{"line":2,"column":23101},"end":{"line":2,"column":23190}}],"line":2},"76":{"loc":{"start":{"line":2,"column":23238},"end":{"line":2,"column":23404}},"type":"switch","locations":[{"start":{"line":2,"column":23257},"end":{"line":2,"column":23294}},{"start":{"line":2,"column":23294},"end":{"line":2,"column":23331}},{"start":{"line":2,"column":23331},"end":{"line":2,"column":23368}},{"start":{"line":2,"column":23368},"end":{"line":2,"column":23403}}],"line":2},"77":{"loc":{"start":{"line":2,"column":23712},"end":{"line":2,"column":24230}},"type":"binary-expr","locations":[{"start":{"line":2,"column":23712},"end":{"line":2,"column":23713}},{"start":{"line":2,"column":23716},"end":{"line":2,"column":24229}}],"line":2}},"s":{"0":1,"1":1,"2":1,"3":1,"4":1,"5":1,"6":1,"7":26,"8":1,"9":1,"10":26,"11":1,"12":1,"13":1,"14":26,"15":26,"16":18,"17":1,"18":1,"19":1,"20":1,"21":1,"22":0,"23":0,"24":0,"25":0,"26":1,"27":0,"28":1,"29":1,"30":1,"31":1,"32":1,"33":1,"34":1,"35":1,"36":1,"37":1,"38":1,"39":1,"40":1,"41":1,"42":0,"43":0,"44":1,"45":1,"46":1,"47":0,"48":1,"49":2,"50":1,"51":3,"52":1,"53":2,"54":1,"55":1,"56":1,"57":1,"58":1,"59":2,"60":1,"61":0,"62":1,"63":1,"64":1,"65":0,"66":1,"67":0,"68":0,"69":1,"70":1,"71":1,"72":1,"73":1,"74":1,"75":1,"76":1,"77":1,"78":1,"79":1,"80":1,"81":1,"82":1,"83":1,"84":1,"85":1,"86":1,"87":1,"88":1,"89":1,"90":1,"91":1,"92":1,"93":1,"94":1,"95":1,"96":1,"97":1,"98":1,"99":1,"100":2,"101":1,"102":1,"103":0,"104":1,"105":1,"106":1,"107":1,"108":1,"109":1,"110":1,"111":1,"112":1,"113":1,"114":1,"115":0,"116":1,"117":1,"118":1,"119":0,"120":1,"121":1,"122":1,"123":0,"124":1,"125":0,"126":1,"127":1,"128":1,"129":1,"130":1,"131":1,"132":1,"133":1,"134":1,"135":1,"136":1,"137":1,"138":1,"139":0,"140":1,"141":0,"142":1,"143":1,"144":1,"145":0,"146":0,"147":0,"148":0,"149":0,"150":0,"151":0,"152":0,"153":0,"154":0,"155":0,"156":0,"157":0,"158":0,"159":0,"160":0,"161":0,"162":0,"163":0,"164":0,"165":0,"166":0,"167":0,"168":0,"169":1,"170":0,"171":0,"172":0,"173":0,"174":0,"175":0,"176":0,"177":0,"178":0,"179":0,"180":0,"181":0,"182":0,"183":0,"184":0,"185":0,"186":0,"187":0,"188":0,"189":0,"190":0,"191":0,"192":0,"193":0,"194":0,"195":0,"196":0,"197":0,"198":0,"199":0,"200":0,"201":0,"202":0,"203":0,"204":0,"205":0,"206":0,"207":0,"208":0,"209":0,"210":0,"211":0,"212":0,"213":0,"214":0,"215":0,"216":0,"217":0,"218":0,"219":0,"220":0,"221":0,"222":0,"223":0,"224":0,"225":0,"226":0,"227":0,"228":0,"229":0,"230":1,"231":0,"232":0,"233":1,"234":0,"235":1,"236":0,"237":0,"238":0,"239":0,"240":0,"241":0,"242":0,"243":0,"244":0,"245":0,"246":0,"247":0,"248":0,"249":0,"250":0,"251":0,"252":0,"253":0,"254":0,"255":0,"256":0,"257":0,"258":0,"259":0,"260":0,"261":0,"262":0,"263":0,"264":0,"265":0,"266":0,"267":0,"268":0,"269":0,"270":0,"271":1,"272":0,"273":0,"274":0,"275":0,"276":0,"277":0,"278":0,"279":0,"280":0,"281":0,"282":0,"283":1,"284":0,"285":0,"286":0,"287":0,"288":0,"289":0,"290":0,"291":0,"292":0,"293":0,"294":0,"295":0,"296":0,"297":0,"298":0,"299":0,"300":0,"301":0,"302":0,"303":0,"304":0,"305":0,"306":0,"307":0,"308":0,"309":0,"310":1,"311":0,"312":0,"313":0,"314":0,"315":0,"316":0,"317":0,"318":0,"319":0,"320":0,"321":0,"322":0,"323":0,"324":0,"325":0,"326":0,"327":0,"328":0,"329":0,"330":0,"331":0,"332":0,"333":0,"334":0,"335":0,"336":0,"337":0,"338":0,"339":0,"340":0,"341":0,"342":0,"343":0,"344":0,"345":0,"346":0,"347":0,"348":0,"349":0,"350":0,"351":0,"352":0,"353":0,"354":0,"355":0,"356":0,"357":0,"358":0,"359":0,"360":0,"361":0,"362":0,"363":0,"364":0,"365":0,"366":0,"367":0,"368":0,"369":0,"370":0,"371":0,"372":0,"373":1,"374":1},"f":{"0":1,"1":26,"2":1,"3":1,"4":18,"5":1,"6":0,"7":0,"8":0,"9":0,"10":1,"11":0,"12":1,"13":1,"14":1,"15":1,"16":1,"17":1,"18":1,"19":1,"20":1,"21":1,"22":1,"23":1,"24":1,"25":1,"26":0,"27":0,"28":1,"29":1,"30":1,"31":0,"32":2,"33":3,"34":1,"35":2,"36":1,"37":1,"38":1,"39":1,"40":1,"41":1,"42":1,"43":1,"44":1,"45":1,"46":1,"47":1,"48":2,"49":1,"50":1,"51":0,"52":0,"53":0,"54":0,"55":0,"56":0,"57":0,"58":0,"59":0,"60":0,"61":0},"b":{"0":[1,0],"1":[1,1,0],"2":[26,0],"3":[26,26],"4":[26,26],"5":[1,2],"6":[1,1],"7":[0,1],"8":[0,1,0,0],"9":[1],"10":[0],"11":[1,1,0],"12":[0],"13":[0],"14":[0],"15":[0],"16":[0,1],"17":[1,0],"18":[0,1],"19":[1,0],"20":[0,1],"21":[0,1],"22":[1,0],"23":[0,1],"24":[0,1],"25":[0],"26":[0,0],"27":[0,0],"28":[0,0],"29":[0,0],"30":[0,0],"31":[0,0],"32":[0,0],"33":[0,0],"34":[0,0],"35":[0,0],"36":[0,0,0],"37":[0,0],"38":[0,0],"39":[0,0],"40":[0,0],"41":[0,0],"42":[0,0],"43":[0,0],"44":[0,0],"45":[0,0],"46":[0,0],"47":[0,0],"48":[0,0],"49":[0,0],"50":[0,0],"51":[0,0],"52":[0,0],"53":[0,0],"54":[0,0],"55":[0,0],"56":[0,0],"57":[0],"58":[0,0],"59":[0,0],"60":[0],"61":[0,0],"62":[0,0],"63":[0,0],"64":[0],"65":[0],"66":[0,0],"67":[0,0],"68":[0,0],"69":[0,0],"70":[0,0],"71":[0,0],"72":[0,0],"73":[0,0],"74":[0,0],"75":[0,0],"76":[0,0,0,0],"77":[1,0]},"inputSourceMap":{"version":3,"mappings":";suBAAA,ksCAoEO,SAAS,sBAA4C,CAC1D,MAAO,CACL,CACE,UAAW,EACX,YAAa,uCACb,QAAS,KAAO,QAAS,KAAO,QAAS,KACzC,MAAO,GACT,EACA,CACE,UAAW,EACX,YAAa,4CACb,QAAS,KAAO,QAAS,KAAO,QAAS,KACzC,MAAO,GACT,EACA,CACE,UAAW,EACX,YAAa,+CACb,QAAS,KAAO,QAAS,IAAO,QAAS,KACzC,MAAO,GACT,EACA,CACE,UAAW,EACX,YAAa,+CACb,QAAS,IAAO,QAAS,KAAO,QAAS,KACzC,MAAO,GACT,CACF,CACF,CA3BgB,oDAgCT,SAAS,0BAA0B,SAAmC,CAC3E,GAAI,SAAW,GAAI,CACjB,MAAO,CAAE,MAAO,IAAK,GAAI,EAAM,WAAY,EAAG,WAAY,EAAG,CAC/D,SAAW,UAAY,GAAI,CACzB,MAAO,CAAE,MAAO,IAAK,GAAI,IAAM,WAAY,GAAI,WAAY,EAAG,CAChE,KAAO,CACL,MAAO,CAAE,MAAO,IAAK,GAAI,GAAM,WAAY,GAAI,WAAY,QAAS,CACtE,CACF,CARgB,8DAaT,SAAS,0BAA0B,UAAsC,CAC9E,MAAM,WAAa,qBAAqB,EACxC,MAAM,QAAU,WAAW,KAAK,GAAK,EAAE,YAAc,SAAS,EAC9D,GAAI,CAAC,QAAS,CACZ,MAAM,IAAI,MAAM,2BAAwB,SAAS,kCAA+B,CAClF,CACA,OAAO,OACT,CAPgB,8DAYT,SAAS,iBAAiB,cAAkC,MAAgC,CACjG,OAAQ,MAAO,CACb,IAAK,IAAK,OAAO,cAAc,QAC/B,IAAK,IAAK,OAAO,cAAc,QAC/B,IAAK,IAAK,OAAO,cAAc,QAC/B,QAAS,MAAM,IAAI,MAAM,uBAAuB,KAAK,+BAA4B,CACnF,CACF,CAPgB,4CAuET,SAAS,cAAc,OAAgB,MAAuB,CACnE,OAAO,OAAS,KAClB,CAFgB,sCAOT,SAAS,gBAAgB,KAAc,UAA2B,CACvE,OAAO,KAAO,SAChB,CAFgB,0CAOT,SAAS,gBAAgB,OAAgB,QAAkB,KAAc,CAC9E,OAAQ,OAAS,QAAW,GAC9B,CAFgB,0CAWT,SAAS,aAAa,OAAgB,MAAe,MAAuB,CACjF,MAAO,MAAO,KAAK,IAAI,OAAS,MAAO,KAAK,CAC9C,CAFgB,oCAOT,SAAS,gBAAgB,GAAY,IAAa,GAAoB,CAC3E,OAAO,GAAK,IAAM,EACpB,CAFgB,0CAOT,SAAS,YAAY,UAAmB,OAAwB,CACrE,OAAO,UAAY,MACrB,CAFgB,kCAOT,SAAS,oBAAoB,cAAuB,aAA8B,CACvF,OAAS,IAAM,gBAAkB,IAAM,KAAQ,aAAe,IAChE,CAFgB,kDAMT,SAAS,YAAY,EAAW,OAAwB,CAC7D,MAAO,OAAS,EAAI,KAAK,IAAI,OAAQ,CAAC,CACxC,CAFgB,kCAOT,SAAS,kBAAkB,GAAY,MAAe,MAAe,OAAwB,CAClG,OAAO,IAAM,MAAQ,OAAS,MAChC,CAFgB,8CAOT,SAAS,eAAe,YAAqB,QAAyB,CAC3E,OAAO,YAAc,OACvB,CAFgB,wCAUT,SAAS,iBAAiB,cAAuB,aAA8B,CAEpF,MAAM,UAAY,KAAQ,aAC1B,MAAM,YAAc,IAAM,cAC1B,MAAM,EAAI,UAAY,YAEtB,QAAQ,IAAI,8DAAoD,EAChE,QAAQ,IAAI,sCAA+B,aAAa,qBAAe,YAAY,MAAM,EACzF,QAAQ,IAAI,oDAAuC,YAAY,cAAc,aAAa,GAAG,EAC7F,QAAQ,IAAI,oCAA0B,UAAU,QAAQ,CAAC,CAAC,MAAM,WAAW,MAAM,EAAE,QAAQ,CAAC,CAAC,EAAE,EAC/F,QAAQ,IAAI,6CAA6C,EAAE,QAAQ,CAAC,CAAC,EAAE,EACvE,OAAO,CACT,CAZgB,4CAgBT,SAAS,aAAa,SAAkB,MAAgB,cAAuB,CACpF,OAAQ,MAAM,YAAY,EAAG,CAC3B,IAAK,cACH,OAAO,SAAW,EACpB,IAAK,aACH,OAAO,SAAW,EACpB,QACE,OAAO,SAAW,CACtB,CACF,CATgB,oCAaT,SAAS,aACd,wBAAkC,EAClC,aAAuB,EACvB,eAAyB,IACzB,sBAAgC,IAUhC,CACA,MAAM,cAA0B,CAAC,EACjC,MAAM,gBAA4B,CAAC,EAGnC,MAAM,UAAY,wBAA0B,aAAe,eAAiB,sBAE5E,QAAQ,IAAI,mDAAmD,EAC/D,QAAQ,IAAI,2CAA2C,wBAAwB,QAAQ,CAAC,CAAC,GAAG,EAC5F,QAAQ,IAAI,0BAA0B,aAAa,QAAQ,CAAC,CAAC,GAAG,EAChE,QAAQ,IAAI,4BAA4B,eAAe,QAAQ,CAAC,CAAC,OAAO,eAAiB,OAAO,QAAQ,CAAC,CAAC,IAAI,EAC9G,QAAQ,IAAI,mCAAmC,sBAAsB,QAAQ,CAAC,CAAC,GAAG,EAClF,QAAQ,IAAI,oBAAoB,uBAAuB,MAAM,YAAY,MAAM,cAAc,MAAM,qBAAqB,MAAM,UAAU,QAAQ,CAAC,CAAC,GAAG,EAGrJ,GAAI,eAAiB,KAAO,CAC1B,cAAc,KAAK,oDAAoD,CACzE,SAAW,gBAAkB,IAAO,CAClC,cAAc,KAAK,kFAA0E,CAC/F,CAEA,GAAI,aAAe,GAAK,CACtB,cAAc,KAAK,0CAAgC,aAAa,QAAQ,CAAC,CAAC,+BAA4B,CACxG,SAAW,aAAe,EAAG,CAC3B,cAAc,KAAK,0CAAoC,aAAa,QAAQ,CAAC,CAAC,GAAG,CACnF,CAEA,GAAI,UAAY,IAAM,CACpB,cAAc,KAAK,2DAA2D,CAChF,SAAW,UAAY,IAAM,CAC3B,cAAc,KAAK,uDAAgD,CACrE,CAEA,cAAc,KAAK,eAAe,UAAU,QAAQ,CAAC,CAAC,iDAAiD,EACvG,cAAc,KAAK,mEAA8D,EAEjF,MAAO,CACL,UACA,YAAa,CACX,cAAe,wBACf,WAAY,aACZ,aAAc,eACd,QAAS,qBACX,EACA,aACF,CACF,CA5DgB,oCA+DT,SAAS,gCAAgC,YAAqB,qBAAuC,CAK1G,GAAI,CAAC,qBAAsB,CAEzB,qBAAuB,YAAc,KAAK,IAAI,GAAK,KAAK,GAAK,GAAG,CAClE,CAIA,MAAM,WAAa,KAAK,KAAK,YAAc,oBAAoB,EAC/D,MAAM,cAAiB,WAAa,IAAO,KAAK,GAEhD,QAAQ,IAAI,kDAAwC,EACpD,QAAQ,IAAI,2CAAoC,YAAY,QAAQ,CAAC,CAAC,GAAG,EACzE,QAAQ,IAAI,8CAAuC,qBAAqB,QAAQ,CAAC,CAAC,GAAG,EACrF,QAAQ,IAAI,8BAA8B,WAAW,IAAI,oBAAoB,OAAO,cAAc,QAAQ,CAAC,CAAC,MAAG,EAG/G,GAAI,cAAgB,GAAI,CACtB,QAAQ,IAAI,kDAA+C,cAAc,QAAQ,CAAC,CAAC,qCAA4B,CACjH,SAAW,cAAgB,GAAI,CAC7B,QAAQ,IAAI,kDAA+C,cAAc,QAAQ,CAAC,CAAC,uCAA8B,CACnH,KAAO,CACL,QAAQ,IAAI,yBAAsB,cAAc,QAAQ,CAAC,CAAC,yCAA6B,CACzF,CAEA,OAAO,aACT,CA9BgB,0EAiCT,SAAS,mBAAmB,SAAkB,cAAuB,cAAwB,WAKlG,CACA,MAAM,eAAiB,UAAY,EAAE,GACrC,MAAM,cAA0B,CAAC,EAGjC,MAAM,oBAAsB,eAAiB,KAAK,IAAI,cAAgB,KAAK,GAAK,GAAG,EACnF,MAAM,YAAc,oBAAsB,QAG1C,IAAI,KACJ,IAAI,gBAGJ,GAAI,YAAc,GAAI,CACpB,KAAO,iCACP,gBAAkB,MAClB,cAAc,KAAK,YAAY,YAAY,QAAQ,CAAC,CAAC,wCAAqC,CAC5F,KAAO,CACL,KAAO,uCACP,gBAAkB,MAClB,cAAc,KAAK,YAAY,YAAY,QAAQ,CAAC,CAAC,oCAAoC,CAC3F,CAGA,GAAI,cAAgB,GAAI,CACtB,cAAc,KAAK,qBAAkB,aAAa,qCAA+B,CACnF,SAAW,cAAgB,GAAI,CAC7B,cAAc,KAAK,0BAAa,aAAa,4CAAsC,CACrF,KAAO,CACL,cAAc,KAAK,oBAAY,aAAa,yCAA6B,CAC3E,CAGA,GAAI,oBAAsB,GAAI,CAC5B,cAAc,KAAK,6DAA6D,CAClF,CAEA,GAAI,oBAAsB,GAAI,CAC5B,cAAc,KAAK,gEAAgE,CACrF,CAGA,cAAc,KAAK,mBAAmB,eAAe,QAAQ,CAAC,CAAC,aAAa,QAAQ,IAAI,EACxF,cAAc,KAAK,uBAAuB,oBAAoB,QAAQ,CAAC,CAAC,GAAG,EAC3E,cAAc,KAAK,kDAA4C,EAE/D,MAAO,CACL,KACA,oBAAqB,CAAC,oBAAoB,QAAQ,CAAC,EACnD,gBACA,aACF,CACF,CAzDgB,gDA+DT,SAAS,mBAAmB,KAAY,WAAwC,CACrF,MAAM,aAAyB,CAAC,EAIhC,IAAI,QAAU,OAAO,KAAK,IAAI,GAAK,EACnC,IAAI,SAAW,OAAO,KAAK,IAAI,GAAK,EACpC,IAAI,cAAgB,OAAO,KAAK,aAAa,GAAK,EAElD,QAAQ,IAAI,8CAA2C,KAAK,IAAI,WAAW,OAAO,KAAK,IAAI,cAAc,OAAO,WAAW,OAAO,OAAO,GAAG,EAG5I,IAAI,WAAa,OAAO,WAAW,iBAAiB,GAAK,EAGzD,MAAM,iBAAmB,OAAO,KAAK,cAAc,EACnD,GAAI,KAAK,gBAAkB,CAAC,MAAM,gBAAgB,GAAK,iBAAmB,EAAG,CAC3E,WAAa,iBACb,QAAQ,IAAI,6CAA6C,UAAU,eAAe,KAAK,OAAO,EAAE,CAClG,SAAW,CAAC,YAAc,YAAc,EAAG,CAEzC,WAAa,KAAK,KAAK,QAAU,GAAI,EACrC,GAAI,WAAa,EAAG,WAAa,EACjC,aAAa,KAAK,wBAAwB,WAAW,QAAQ,CAAC,CAAC,+GAAsG,CACvK,CAEA,QAAQ,IAAI,8CAA8C,UAAU,WAAW,OAAO,UAAU,GAAG,EAGnG,GAAI,CAAC,SAAW,SAAW,EAAG,CAC5B,aAAa,KAAK,wBAAkB,OAAO,+CAAyC,EACpF,QAAU,EACZ,CAEA,GAAI,CAAC,YAAc,YAAc,EAAG,CAClC,aAAa,KAAK,uBAAoB,UAAU,sCAAsC,EACtF,WAAa,CACf,CAKA,MAAM,cAAgB,0BAA0B,WAAW,iBAAiB,EAG5E,MAAM,gBAAkB,0BAA0B,UAAU,EAG5D,MAAM,MAAQ,iBAAiB,cAAe,gBAAgB,KAAK,EAGnE,MAAM,IAAM,aAAa,WAAY,MAAO,cAAc,KAAK,EAG/D,MAAM,OAAS,gBAAgB,gBAAgB,GAAI,IAAK,WAAW,EAAE,EAGrE,MAAM,OAAS,YAAY,WAAW,OAAQ,MAAM,EAGpD,MAAM,WAAa,oBAAoB,WAAW,cAAe,WAAW,wBAAwB,EAGpG,MAAM,EAAI,iBAAiB,WAAW,cAAe,WAAW,wBAAwB,EAGxF,QAAQ,IAAI,wDAAqD,WAAW,QAAQ,CAAC,CAAC,0BAA0B,EAAE,QAAQ,CAAC,CAAC,EAAE,EAG9H,MAAM,OAAS,YAAY,EAAG,MAAM,EAGpC,MAAM,UAAY,OAAS,QAG3B,MAAM,YAAe,UAAY,SAAY,KAAO,KAEpD,QAAQ,IAAI,sDAAgD,EAC5D,QAAQ,IAAI,4BAAqB,OAAO,QAAQ,CAAC,CAAC,MAAM,EACxD,QAAQ,IAAI,uCAAgC,UAAU,QAAQ,CAAC,CAAC,KAAK,EACrE,QAAQ,IAAI,iCAAuB,QAAQ,QAAQ,CAAC,CAAC,QAAK,EAC1D,QAAQ,IAAI,sCAA4B,UAAU,QAAQ,CAAC,CAAC,MAAM,QAAQ,QAAQ,CAAC,CAAC,wBAAqB,YAAY,QAAQ,CAAC,CAAC,MAAM,EAGrI,MAAM,IAAM,aAAa,UAAU,EAGnC,MAAM,eAAiB,aACrB,WAAW,yBAA2B,EACtC,WAAW,6BAA+B,EAC1C,WAAW,yBAA2B,IACtC,WAAW,uBAAyB,GACtC,EAEA,MAAM,yBAA2B,gCAAgC,WAAY,WAAW,0BAA0B,EAClH,MAAM,uBAAyB,mBAAmB,WAAY,wBAAwB,EAGtF,MAAM,iBAAmB,QAAU,WACnC,MAAM,oBAAsB,2BAA2B,WAAY,iBAAkB,SAAS,EAE9F,QAAQ,IAAI,iDAAuC,EACnD,QAAQ,IAAI,qCAAqC,iBAAiB,QAAQ,CAAC,CAAC,oBAAiB,EAC7F,QAAQ,IAAI,6BAA6B,oBAAoB,YAAY,EAAE,EAC3E,QAAQ,IAAI,iCAAiC,oBAAoB,gBAAgB,EAAE,EACnF,QAAQ,IAAI,iCAA0B,oBAAoB,oBAAoB,EAAE,EAGhF,aAAa,KAAK,GAAG,eAAe,aAAa,EAGjD,IAAI,2BAA6B,MAGjC,GAAI,WAAa,GAAI,CACnB,2BAA6B,KAC7B,aAAa,KAAK,UAAU,UAAU,gEAAuD,CAC/F,CAGA,GAAI,OAAS,IAAK,CAChB,aAAa,KAAK,0BAAuB,OAAO,QAAQ,CAAC,CAAC,mBAAmB,CAC/E,CAGA,GAAI,YAAc,EAAK,CACrB,aAAa,KAAK,cAAW,YAAY,QAAQ,CAAC,CAAC,wCAAqC,CAC1F,CAEA,MAAO,CACL,IAAK,KAAK,KAAO,EACjB,QAAS,KAAK,SAAW,MACzB,QAAS,CAAC,WAAW,QAAQ,SAAS,CAAC,EAAE,QAAQ,CAAC,EAClD,SAAU,CAAC,WAAW,SAAS,SAAS,CAAC,EAAE,QAAQ,CAAC,EACpD,WAAY,CAAC,WAAW,WAAW,SAAS,CAAC,EAAE,QAAQ,CAAC,EACxD,cAAe,CAAC,WAAW,cAAc,SAAS,CAAC,EAAE,QAAQ,CAAC,EAG9D,kBAAmB,WAAW,kBAC9B,iBAAkB,gBAAgB,MAClC,GAAI,CAAC,gBAAgB,GAAG,QAAQ,CAAC,EAGjC,MAAO,CAAC,MAAM,QAAQ,CAAC,EACvB,MAAO,cAAc,MAGrB,IAAK,CAAC,IAAI,QAAQ,CAAC,EACnB,OAAQ,CAAC,OAAO,QAAQ,CAAC,EACzB,OAAQ,CAAC,OAAO,QAAQ,CAAC,EACzB,WAAY,CAAC,WAAW,QAAQ,CAAC,EACjC,EAAG,CAAC,EAAE,QAAQ,CAAC,EACf,OAAQ,CAAC,OAAO,QAAQ,CAAC,EACzB,YAAa,CAAC,YAAY,QAAQ,CAAC,EACnC,UAAW,CAAC,UAAU,QAAQ,CAAC,EAG/B,IAAK,CAAC,IAAI,QAAQ,CAAC,EACnB,IAAK,CAAC,eAAe,UAAU,QAAQ,CAAC,EACxC,gBAAiB,eAAe,YAChC,yBAA0B,CAAC,yBAAyB,QAAQ,CAAC,EAG7D,WAAY,uBAAuB,KACnC,iBAAkB,uBAAuB,oBACzC,aAAc,uBAAuB,gBACrC,oBAAqB,uBAAuB,cAG5C,aAAc,oBAAoB,aAClC,uBAAwB,oBAAoB,iBAC5C,4BAA6B,oBAAoB,qBACjD,oBAAqB,oBAAoB,aAEzC,2BACA,YACF,CACF,CAjLgB,gDAuLT,SAAS,oBAAoB,MAAe,WAA0C,CAC3F,OAAO,MAAM,IAAI,MAAQ,mBAAmB,KAAM,UAAU,CAAC,CAC/D,CAFgB,kDAQT,SAAS,4BAA6C,CAC3D,MAAO,CACL,kBAAmB,EACnB,OAAQ,IACR,GAAI,EACJ,cAAe,GACf,yBAA0B,IAC1B,OAAQ,IACR,OAAQ,GACR,eAAgB,IAChB,wBAAyB,KAGzB,qBAAsB,GACtB,qBAAsB,GACxB,CACF,CAhBgB,gEAmBT,SAAS,2BAA2B,SAAkB,iBAA0B,UAMrF,CACA,MAAM,cAA0B,CAAC,EAGjC,MAAM,aAA6C,CACjD,MAAO,EACP,MAAO,EACP,MAAO,EACP,MAAO,CACT,EAGA,MAAM,eAAiB,UAAY,EAAE,GAGrC,MAAM,WAAa,GAAK,KAAK,GAAK,IAClC,MAAM,oBAAsB,eAAiB,KAAK,IAAI,UAAU,EAChE,MAAM,YAAc,oBAAsB,QAK1C,IAAI,iBAAmB,GAEvB,GAAI,YAAc,GAAI,CACpB,iBAAmB,MACnB,cAAc,KAAK,YAAY,YAAY,QAAQ,CAAC,CAAC,uCAAuC,CAC9F,KAAO,CACL,iBAAmB,MACnB,cAAc,KAAK,YAAY,YAAY,QAAQ,CAAC,CAAC,4CAA4C,CACnG,CAGA,IAAI,cAAgB,EAGpB,MAAM,iBAAmB,KAAK,KAAK,iBAAmB,CAAC,EACvD,cAAgB,KAAK,IAAI,cAAe,gBAAgB,EAGxD,GAAI,SAAW,GAAI,CACjB,cAAgB,KAAK,IAAI,cAAe,CAAC,EACzC,cAAc,KAAK,UAAU,QAAQ,8CAA2C,CAClF,CAGA,MAAM,eAAiB,IACvB,GAAI,UAAY,eAAgB,CAC9B,cAAgB,KAAK,IAAI,cAAe,CAAC,EACzC,cAAc,KAAK,UAAU,SAAS,SAAS,cAAc,qCAAqC,CACpG,CAGA,GAAI,oBAAsB,GAAI,CAC5B,cAAgB,KAAK,IAAI,cAAe,CAAC,EACzC,cAAc,KAAK,kBAAkB,oBAAoB,QAAQ,CAAC,CAAC,8BAA8B,CACnG,CAGA,aAAa,gBAAgB,EAAI,cAGjC,MAAM,qBAAuB,OAAO,QAAQ,YAAY,EACrD,OAAO,CAAC,CAAC,OAAQ,QAAQ,IAAM,SAAW,CAAC,EAC3C,IAAI,CAAC,CAAC,OAAQ,QAAQ,IAAM,GAAG,MAAM,IAAI,QAAQ,EAAE,EACnD,KAAK,IAAI,EAEZ,MAAM,qBAAuB,UAAU,aAAa,KAAK,oBAAoB,GAG7E,cAAc,KAAK,mBAAmB,eAAe,QAAQ,CAAC,CAAC,mBAAmB,EAClF,cAAc,KAAK,sBAAsB,oBAAoB,QAAQ,CAAC,CAAC,MAAM,YAAY,QAAQ,CAAC,CAAC,MAAM,EACzG,cAAc,KAAK,mBAAmB,iBAAiB,QAAQ,CAAC,CAAC,GAAG,EACpE,cAAc,KAAK,0DAAuD,EAE1E,MAAO,CACL,aAAc,cACd,aACA,iBACA,qBACA,aACF,CACF,CAxFgB,gEAgHT,SAAS,2BACd,wBACA,cACA,IAAc,EAC0C,CAExD,MAAM,WAAqC,CACzC,IAAK,IACL,IAAK,KACL,IAAK,MACL,IAAK,IACP,EAGA,MAAM,eAAiB,WAAW,uBAAuB,GAAK,EAG9D,GAAI,iBAAmB,EAAG,CACxB,MAAO,CAAE,UAAW,KAAM,UAAW,IAAK,CAC5C,CAGA,MAAM,WAAc,cAAgB,KAAK,GAAM,IAG/C,MAAM,UAAY,eAAiB,KAAK,IAAI,UAAU,EACtD,MAAM,UAAY,eAAiB,KAAK,IAAI,UAAU,EAAI,IAE1D,QAAQ,IAAI,4BAA4B,uBAAuB,cAAc,cAAc,gBAAa,aAAa,aAAU,GAAG,GAAG,EACrI,QAAQ,IAAI,2BAA2B,UAAU,QAAQ,CAAC,CAAC,IAAI,EAC/D,QAAQ,IAAI,2BAA2B,UAAU,QAAQ,CAAC,CAAC,IAAI,EAE/D,MAAO,CACL,UAAW,WAAW,UAAU,QAAQ,CAAC,CAAC,EAC1C,UAAW,WAAW,UAAU,QAAQ,CAAC,CAAC,CAC5C,CACF,CApCgB,gEAsDT,SAAS,oBACd,OACA,MACA,cACA,UAAoB,GACZ,CAER,MAAM,WAAc,cAAgB,KAAK,GAAM,IAC/C,MAAM,WAAa,KAAK,IAAI,UAAU,EAGtC,MAAM,UAAY,OAAS,OAAS,UAGpC,MAAM,KAAO,IACb,MAAM,MAAQ,KACd,MAAM,MAAQ,MACd,MAAM,MAAQ,KAGd,MAAM,UAAY,KAAO,WACzB,MAAM,WAAa,MAAQ,WAC3B,MAAM,WAAa,MAAQ,WAC3B,MAAM,WAAa,MAAQ,WAE3B,QAAQ,IAAI,gCAA6B,EACzC,QAAQ,IAAI,kBAAkB,MAAM,MAAM,KAAK,OAAO,SAAS,MAAM,SAAS,QAAQ,CAAC,CAAC,EAAE,EAC1F,QAAQ,IAAI,kBAAe,aAAa,qBAAa,WAAW,QAAQ,CAAC,CAAC,EAAE,EAC5E,QAAQ,IAAI,oBAAoB,UAAU,QAAQ,CAAC,CAAC,SAAS,WAAW,QAAQ,CAAC,CAAC,SAAS,WAAW,QAAQ,CAAC,CAAC,SAAS,WAAW,QAAQ,CAAC,CAAC,EAAE,EAGhJ,GAAI,UAAY,WAAY,CAC1B,QAAQ,IAAI,+CAAqC,WAAW,QAAQ,CAAC,CAAC,GAAG,EACzE,MAAO,KACT,SAAW,UAAY,WAAY,CACjC,QAAQ,IAAI,+CAAqC,WAAW,QAAQ,CAAC,CAAC,GAAG,EACzE,MAAO,KACT,SAAW,UAAY,WAAY,CACjC,QAAQ,IAAI,+CAAqC,WAAW,QAAQ,CAAC,CAAC,GAAG,EACzE,MAAO,KACT,KAAO,CACL,QAAQ,IAAI,yCAAoC,WAAW,QAAQ,CAAC,CAAC,GAAG,EACxE,MAAO,IACT,CACF,CA5CgB,kDA2DT,SAAS,qBACd,iBACA,YACA,OACA,cACA,IAAc,EACd,UAAoB,GACpB,YACwB,CACxB,MAAM,cAA0B,CAAC,EAEjC,QAAQ,IAAI,iDAA8C,EAC1D,QAAQ,IAAI,sBAAsB,iBAAiB,QAAQ,CAAC,CAAC,KAAK,EAClE,QAAQ,IAAI,mBAAgB,YAAY,QAAQ,CAAC,CAAC,MAAM,EACxD,QAAQ,IAAI,aAAa,OAAO,QAAQ,CAAC,CAAC,IAAI,EAC9C,QAAQ,IAAI,kBAAe,aAAa,MAAG,EAC3C,QAAQ,IAAI,YAAY,IAAI,QAAQ,CAAC,CAAC,IAAI,EAC1C,QAAQ,IAAI,kBAAkB,SAAS,EAAE,EAGzC,GAAI,eAAiB,GAAK,eAAiB,GAAI,CAC7C,cAAc,KAAK,kDAAyC,EAC5D,MAAO,CACL,SAAU,EACV,IAAK,EACL,IAAK,EACL,GAAI,EACJ,SAAU,EACV,SAAU,EACV,SAAU,EACV,SAAU,EACV,UAAW,EACX,UAAW,EACX,aACF,CACF,CAGA,MAAM,WAAc,cAAgB,KAAK,GAAM,IAC/C,MAAM,WAAa,KAAK,IAAI,UAAU,EACtC,MAAM,WAAa,KAAK,IAAI,UAAU,EAGtC,MAAM,WAAa,aAAe,oBAAoB,OAAQ,IAAK,cAAe,SAAS,EAC3F,cAAc,KAAK,kBAAkB,UAAU,GAAG,YAAc,YAAc,kBAAe,EAAE,EAG/F,MAAM,WAAqC,CACzC,GAAI,IACJ,IAAK,KACL,IAAK,MACL,IAAK,IACP,EAGA,MAAM,YAAsC,CAC1C,IAAK,KACL,GAAI,KACJ,IAAK,KACL,IAAK,IACP,EAEA,MAAM,eAAiB,WAAW,UAAU,GAAK,WAAW,IAC5D,MAAM,gBAAkB,YAAY,UAAU,GAAK,YAAY,IAG/D,MAAM,UAAY,eAAiB,WACnC,QAAQ,IAAI,kBAAkB,cAAc,UAAU,aAAa,WAAQ,UAAU,QAAQ,CAAC,CAAC,IAAI,EAGnG,GAAI,WAAa,KAAO,CACtB,cAAc,KAAK,qDAAgD,EACnE,MAAO,CACL,SAAU,EACV,IAAK,EACL,IAAK,EACL,GAAI,EACJ,SAAU,EACV,SAAU,EACV,SAAU,EACV,SAAU,EACV,UAAW,EACX,UAAW,IACX,aACF,CACF,CAGA,MAAM,UAAY,IAAO,eAAiB,WAC1C,QAAQ,IAAI,kBAAkB,GAAG,MAAM,cAAc,UAAU,aAAa,WAAQ,UAAU,QAAQ,CAAC,CAAC,IAAI,EAG5G,GAAI,WAAa,KAAO,CACtB,cAAc,KAAK,qDAAgD,EACnE,MAAO,CACL,SAAU,EACV,IAAK,EACL,IAAK,EACL,GAAI,EACJ,SAAU,EACV,SAAU,EACV,SAAU,EACV,SAAU,EACV,UACA,UAAW,EACX,aACF,CACF,CAGA,MAAM,IAAM,OAAS,EACrB,QAAQ,IAAI,YAAY,MAAM,UAAU,IAAI,QAAQ,CAAC,CAAC,IAAI,EAI1D,MAAM,IAAO,iBAAmB,IAAO,UACvC,QAAQ,IAAI,aAAa,iBAAiB,QAAQ,CAAC,CAAC,MAAM,IAAI,QAAQ,CAAC,CAAC,OAAO,UAAU,QAAQ,CAAC,CAAC,MAAM,IAAI,QAAQ,CAAC,CAAC,KAAK,EAG5H,MAAM,GAAK,IAAM,WACjB,QAAQ,IAAI,WAAW,IAAI,QAAQ,CAAC,CAAC,UAAU,aAAa,WAAQ,GAAG,QAAQ,CAAC,CAAC,KAAK,EAGtF,MAAM,IAAM,GAAK,WACjB,QAAQ,IAAI,YAAY,GAAG,QAAQ,CAAC,CAAC,UAAU,aAAa,WAAQ,IAAI,QAAQ,CAAC,CAAC,KAAK,EAIvF,MAAM,eAAiB,KAAK,KAAK,GAAK,eAAe,EACrD,MAAM,YAAc,KAAK,IAAI,EAAG,cAAc,EAC9C,QAAQ,IAAI,6BAA6B,GAAG,QAAQ,CAAC,CAAC,MAAM,eAAe,QAAQ,WAAW,EAAE,EAEhG,cAAc,KAAK,YAAY,GAAG,QAAQ,CAAC,CAAC,kBAAkB,UAAU,KAAK,eAAe,KAAK,EACjG,cAAc,KAAK,uBAAuB,WAAW,0CAAuC,EAG5F,GAAI,cAAgB,GAAI,CACtB,cAAc,KAAK,0BAAuB,aAAa,gDAA0C,CACnG,SAAW,cAAgB,GAAI,CAC7B,cAAc,KAAK,0BAAuB,aAAa,8CAAwC,CACjG,KAAO,CACL,cAAc,KAAK,aAAU,aAAa,yCAA6B,CACzE,CAGA,IAAI,SAAW,EAAG,SAAW,EAAG,SAAW,EAAG,SAAW,EAEzD,OAAQ,WAAY,CAClB,IAAK,MAAO,SAAW,YAAa,MACpC,IAAK,MAAO,SAAW,YAAa,MACpC,IAAK,MAAO,SAAW,YAAa,MACpC,IAAK,KAAO,SAAW,YAAa,KACtC,CAEA,MAAO,CACL,SAAU,YACV,IAAK,WAAW,IAAI,QAAQ,CAAC,CAAC,EAC9B,IAAK,WAAW,IAAI,QAAQ,CAAC,CAAC,EAC9B,GAAI,WAAW,GAAG,QAAQ,CAAC,CAAC,EAC5B,SACA,SACA,SACA,SACA,UAAW,WAAW,UAAU,QAAQ,CAAC,CAAC,EAC1C,UAAW,WAAW,UAAU,QAAQ,CAAC,CAAC,EAC1C,aACF,CACF,CAvKgB","names":[],"ignoreList":[],"sources":["C:\\Users\\vitin\\Documents\\MyM\\puntalink_info290\\backend\\src\\services\\calculosService.ts"],"sourcesContent":[null]},"_coverageSchema":"1a1c01bbd47fc00a2c39e90264f33305004495a9","hash":"e8853693f0ea8f074c17a41c31b689a30cac0fe3","contentHash":"abbc0524dc3c14e71d70711a2002e436dcdd33d655bef7073e8a824b66c44e8e"},"C:\\Users\\vitin\\Documents\\MyM\\puntalink_info290\\backend\\src\\controllers\\auth.controller.ts":{"path":"C:\\Users\\vitin\\Documents\\MyM\\puntalink_info290\\backend\\src\\controllers\\auth.controller.ts","statementMap":{"0":{"start":{"line":1,"column":0},"end":{"line":1,"column":112}},"1":{"start":{"line":1,"column":112},"end":{"line":13,"column":4}},"2":{"start":{"line":2,"column":13},"end":{"line":2,"column":26}},"3":{"start":{"line":2,"column":41},"end":{"line":2,"column":62}},"4":{"start":{"line":2,"column":84},"end":{"line":2,"column":115}},"5":{"start":{"line":2,"column":138},"end":{"line":2,"column":164}},"6":{"start":{"line":2,"column":182},"end":{"line":2,"column":203}},"7":{"start":{"line":2,"column":221},"end":{"line":2,"column":252}},"8":{"start":{"line":2,"column":264},"end":{"line":2,"column":330}},"9":{"start":{"line":2,"column":280},"end":{"line":2,"column":330}},"10":{"start":{"line":2,"column":344},"end":{"line":2,"column":434}},"11":{"start":{"line":2,"column":359},"end":{"line":2,"column":433}},"12":{"start":{"line":2,"column":379},"end":{"line":2,"column":433}},"13":{"start":{"line":2,"column":451},"end":{"line":2,"column":728}},"14":{"start":{"line":2,"column":475},"end":{"line":2,"column":718}},"15":{"start":{"line":2,"column":534},"end":{"line":2,"column":717}},"16":{"start":{"line":2,"column":573},"end":{"line":2,"column":717}},"17":{"start":{"line":2,"column":617},"end":{"line":2,"column":717}},"18":{"start":{"line":2,"column":643},"end":{"line":2,"column":652}},"19":{"start":{"line":2,"column":718},"end":{"line":2,"column":727}},"20":{"start":{"line":2,"column":741},"end":{"line":2,"column":929}},"21":{"start":{"line":2,"column":767},"end":{"line":2,"column":928}},"22":{"start":{"line":2,"column":947},"end":{"line":2,"column":1008}},"23":{"start":{"line":2,"column":952},"end":{"line":2,"column":1008}},"24":{"start":{"line":2,"column":1037},"end":{"line":2,"column":1039}},"25":{"start":{"line":2,"column":1040},"end":{"line":2,"column":1144}},"26":{"start":{"line":2,"column":1084},"end":{"line":2,"column":1089}},"27":{"start":{"line":2,"column":1105},"end":{"line":2,"column":1115}},"28":{"start":{"line":2,"column":1131},"end":{"line":2,"column":1141}},"29":{"start":{"line":2,"column":1144},"end":{"line":2,"column":1197}},"30":{"start":{"line":2,"column":1211},"end":{"line":2,"column":1236}},"31":{"start":{"line":2,"column":1259},"end":{"line":2,"column":1292}},"32":{"start":{"line":2,"column":1308},"end":{"line":2,"column":1331}},"33":{"start":{"line":2,"column":1345},"end":{"line":2,"column":1380}},"34":{"start":{"line":2,"column":1399},"end":{"line":2,"column":1408}},"35":{"start":{"line":2,"column":1434},"end":{"line":2,"column":1529}},"36":{"start":{"line":2,"column":1530},"end":{"line":2,"column":1568}},"37":{"start":{"line":2,"column":1585},"end":{"line":12,"column":481}},"38":{"start":{"line":2,"column":1609},"end":{"line":12,"column":466}},"39":{"start":{"line":2,"column":1631},"end":{"line":2,"column":1643}},"40":{"start":{"line":2,"column":1644},"end":{"line":2,"column":1789}},"41":{"start":{"line":2,"column":1712},"end":{"line":2,"column":1788}},"42":{"start":{"line":2,"column":1803},"end":{"line":2,"column":1861}},"43":{"start":{"line":2,"column":1874},"end":{"line":12,"column":83}},"44":{"start":{"line":12,"column":95},"end":{"line":12,"column":102}},"45":{"start":{"line":12,"column":115},"end":{"line":12,"column":258}},"46":{"start":{"line":12,"column":259},"end":{"line":12,"column":305}},"47":{"start":{"line":12,"column":305},"end":{"line":12,"column":336}},"48":{"start":{"line":12,"column":348},"end":{"line":12,"column":404}},"49":{"start":{"line":12,"column":404},"end":{"line":12,"column":465}},"50":{"start":{"line":12,"column":494},"end":{"line":12,"column":736}},"51":{"start":{"line":12,"column":525},"end":{"line":12,"column":551}},"52":{"start":{"line":12,"column":552},"end":{"line":12,"column":599}},"53":{"start":{"line":12,"column":562},"end":{"line":12,"column":599}},"54":{"start":{"line":12,"column":599},"end":{"line":12,"column":726}},"55":{"start":{"line":12,"column":612},"end":{"line":12,"column":647}},"56":{"start":{"line":12,"column":648},"end":{"line":12,"column":682}},"57":{"start":{"line":12,"column":689},"end":{"line":12,"column":725}},"58":{"start":{"line":12,"column":754},"end":{"line":12,"column":860}},"59":{"start":{"line":12,"colu
[...]
{"start":{"line":2,"column":538},"end":{"line":2,"column":550}}],"line":2},"4":{"loc":{"start":{"line":2,"column":598},"end":{"line":2,"column":649}},"type":"binary-expr","locations":[{"start":{"line":2,"column":598},"end":{"line":2,"column":632}},{"start":{"line":2,"column":634},"end":{"line":2,"column":649}}],"line":2},"5":{"loc":{"start":{"line":2,"column":4720},"end":{"line":2,"column":4846}},"type":"binary-expr","locations":[{"start":{"line":2,"column":4720},"end":{"line":2,"column":4721}},{"start":{"line":2,"column":4724},"end":{"line":2,"column":4845}}],"line":2}},"s":{"0":2,"1":2,"2":2,"3":2,"4":2,"5":2,"6":2,"7":14,"8":2,"9":2,"10":14,"11":2,"12":2,"13":2,"14":14,"15":14,"16":2,"17":2,"18":2,"19":2,"20":2,"21":2,"22":0,"23":0,"24":2,"25":0,"26":0,"27":0,"28":0,"29":2,"30":2,"31":2,"32":2,"33":2,"34":1,"35":1,"36":1,"37":2,"38":2,"39":0,"40":0,"41":0,"42":0,"43":0,"44":0,"45":0,"46":2,"47":0,"48":0,"49":0,"50":0,"51":0,"52":0,"53":0,"54":2,"55":0,"56":0,"57":0,"58":0,"59":0,"60":0,"61":0,"62":2,"63":0,"64":0,"65":0,"66":0,"67":0,"68":0,"69":0,"70":0,"71":0,"72":0,"73":0,"74":2,"75":0,"76":0,"77":0,"78":0,"79":0,"80":0,"81":0,"82":2,"83":0,"84":0,"85":0,"86":0,"87":0,"88":0,"89":0,"90":2,"91":2},"f":{"0":2,"1":14,"2":2,"3":2,"4":2,"5":2,"6":0,"7":0,"8":2,"9":0,"10":0,"11":0,"12":0,"13":2,"14":0,"15":0,"16":0,"17":0,"18":0,"19":0},"b":{"0":[2,0],"1":[2,2,0],"2":[14,0],"3":[14,14],"4":[14,14],"5":[2,0]},"inputSourceMap":{"version":3,"mappings":";suBAAA,4WACA,0BAQO,sCAEP,eAAsB,cAAc,IAAc,IAAe,CAC/D,QAAQ,IAAI,yDAAyD,EACnE,GAAI,CACA,MAAM,YAAc,QAAM,4CAAqB,IAAI,IAAI,EACvD,QAAQ,IAAI,mEAAmE,EAC/E,IAAI,KAAK,CAAE,GAAI,KAAM,WAAY,CAAC,CACtC,OAAS,IAAU,CACf,IAAI,OAAO,GAAG,EAAE,KAAK,CAAE,GAAI,MAAO,MAAO,IAAI,OAAQ,CAAC,CAC1D,CACA,QAAQ,IAAI,sDAAsD,CACtE,CAVsB,sCAYtB,eAAsB,mBAAmB,IAAc,IAAe,CAClE,QAAQ,IAAI,8DAA8D,EAC1E,GAAI,CACA,MAAM,eAAiB,QAAM,iDAA0B,GAAG,EAC1D,QAAQ,IAAI,6EAA6E,EACzF,IAAI,KAAK,CAAE,GAAI,KAAM,cAAc,CAAC,CACxC,OAAS,IAAU,CACf,IAAI,OAAO,GAAG,EAAE,KAAK,CAAE,GAAI,MAAO,MAAO,IAAI,OAAQ,CAAC,CAC1D,CACA,QAAQ,IAAI,2DAA2D,CAC3E,CAVsB,gDAYtB,eAAsB,gBAAgB,IAAc,IAAe,CAC/D,QAAQ,IAAI,2DAA2D,EACvE,GAAI,CACA,MAAM,UAAY,QAAM,8CAAuB,GAAG,EAClD,QAAQ,IAAI,wEAAwE,EACpF,IAAI,KAAK,CAAE,GAAI,KAAM,SAAS,CAAC,CACnC,OAAS,IAAU,CACf,IAAI,OAAO,GAAG,EAAE,KAAK,CAAE,GAAI,MAAO,MAAO,IAAI,OAAQ,CAAC,CAC1D,CACA,QAAQ,IAAI,wDAAwD,CACxE,CAVsB,0CAYtB,eAAsB,eAAe,IAAc,IAAe,CAC9D,QAAQ,IAAI,0DAA0D,EACtE,GAAI,CACA,MAAM,SAAW,QAAM,6CAAsB,GAAG,EAChD,QAAQ,IAAI,qEAAqE,EACjF,IAAI,KAAK,CAAE,GAAI,KAAM,QAAQ,CAAC,CAClC,OAAS,IAAU,CACf,IAAI,OAAO,GAAG,EAAE,KAAK,CAAE,GAAI,MAAO,MAAO,IAAI,OAAQ,CAAC,CAC1D,CACA,QAAQ,IAAI,uDAAuD,CACvE,CAVsB,wCAYtB,eAAsB,WAAW,IAAc,IAAe,CAC1D,QAAQ,IAAI,sDAAsD,EAClE,GAAI,CACA,MAAM,YAAc,SAAS,IAAI,KAAK,WAAW,EACjD,MAAM,IAAM,IAAI,KAAK,OAAO,SAAS,OAAO,EAC5C,MAAM,SAAW,IAAI,KAAK,aAC1B,MAAM,SAAW,CACb,SACA,QAAS,GACb,EACA,MAAM,UAAY,QAAM,yCAAkB,YAAa,QAAQ,EAC/D,QAAQ,IAAI,6DAA6D,EACzE,IAAI,KAAK,CAAE,GAAI,KAAM,SAAS,CAAC,CACnC,OAAS,IAAU,CACf,IAAI,OAAO,GAAG,EAAE,KAAK,CAAE,GAAI,MAAO,MAAO,IAAI,OAAQ,CAAC,CAC1D,CACA,QAAQ,IAAI,mDAAmD,CACnE,CAjBsB,gCAmBtB,eAAsB,aAAa,IAAc,IAAe,CAC5D,QAAQ,IAAI,wDAAwD,EACpE,GAAI,CACA,MAAM,eAAiB,QAAM,2CAAoB,GAAG,EACpD,QAAQ,IAAI,0EAAuE,EACnF,IAAI,KAAK,CAAE,GAAI,KAAM,cAAc,CAAC,CACxC,OAAS,IAAU,CACf,IAAI,OAAO,GAAG,EAAE,KAAK,CAAE,GAAI,MAAO,MAAO,IAAI,OAAQ,CAAC,CAC1D,CACA,QAAQ,IAAI,qDAAqD,CACrE,CAVsB,oCAYtB,eAAsB,iBAAiB,IAAc,IAAe,CAChE,QAAQ,IAAI,4DAA4D,EACxE,GAAI,CACA,QAAM,+CAAwB,GAAG,EACjC,QAAQ,IAAI,yEAAyE,EACrF,IAAI,KAAK,CAAE,GAAI,KAAM,QAAS,kCAAmC,CAAC,CACtE,OAAS,IAAU,CACf,IAAI,OAAO,GAAG,EAAE,KAAK,CAAE,GAAI,MAAO,MAAO,IAAI,OAAQ,CAAC,CAC1D,CACA,QAAQ,IAAI,yDAAyD,CACzE,CAVsB","names":[],"ignoreList":[],"sources":["C:\\Users\\vitin\\Documents\\MyM\\puntalink_info290\\backend\\src\\controllers\\projectController.ts"],"sourcesContent":[null]},"_coverageSchema":"1a1c01bbd47fc00a2c39e90264f33305004495a9","hash":"b126a4b42d6ad1f882ac80a800d3f287e38a8452","contentHash":"a87fc6d9ae772d498a640e76f3964595a0751a3c745fa45e10f8e6003ab6c6c0"},"C:\\Users\\vitin\\Documents\\MyM\\puntalink_info290\\backend\\src\\services\\projectService.ts":{"path":"C:\\Users\\vitin\\Documents\\MyM\\puntalink_info290\\backend\\src\\services\\projectService.ts","statementMap":{"0":{"start":{"line":1,"column":0},"end":{"line":1,"column":108}},"1":{"start":{"line":1,"column":108},"end":{"line":3,"column":4}},"2":{"start":{"line":2,"column":14},"end":{"line":2,"column":35}},"3":{"start":{"line":2,"column":57},"end":{"line":2,"column":88}},"4":{"start":{"line":2,"column":111},"end":{"line":2,"column":137}},"5":{"start":{"line":2,"column":155},"end":{"line":2,"column":186}},"6":{"start":{"line":2,"column":198},"end":{"line":2,"column":264}},"7":{"start":{"line":2,"column":214},"end":{"line":2,"column":264}},"8":{"start":{"line":2,"column":278},"end":{"line":2,"column":368}},"9":{"start":{"line":2,"column":293},"end":{"line":2,"column":367}},"10":{"start":{"line":2,"column":313},"end":{"line":2,"column":367}},"11":{"start":{"line":2,"column":385},"end":{"line":2,"column":662}},"12":{"start":{"line":2,"column":409},"end":{"line":2,"column":652}},"13":{"start":{"line":2,"column":468},"end":{"line":2,"column":651}},"14":{"start":{"line":2,"column":507},"end":{"line":2,"column":651}},"15":{"start":{"line":2,"column":551},"end":{"line":2,"column":651}},"16":{"start":{"line":2,"column":577},"end":{"line":2,"column":586}},"17":{"start":{"line":2,"column":652},"end":{"line":2,"column":661}},"18":{"start":{"line":2,"column":680},"end":{"line":2,"column":741}},"19":{"start":{"line":2,"column":685},"end":{"line":2,"column":741}},"20":{"start":{"line":2,"column":769},"end":{"line":2,"column":771}},"21":{"start":{"line":2,"column":772},"end":{"line":2,"column":1143}},"22":{"start":{"line":2,"column":835},"end":{"line":2,"column":860}},"23":{"start":{"line":2,"column":887},"end":{"line":2,"column":908}},"24":{"start":{"line":2,"column":934},"end":{"line":2,"column":954}},"25":{"start":{"line":2,"column":983},"end":{"line":2,"column":1006}},"26":{"start":{"line":2,"column":1029},"end":{"line":2,"column":1046}},"27":{"start":{"line":2,"column":1074},"end":{"line":2,"column":1096}},"28":{"start":{"line":2,"column":1121},"end":{"line":2,"column":1140}},"29":{"start":{"line":2,"column":1143},"end":{"line":2,"column":1195}},"30":{"start":{"line":2,"column":1214},"end":{"line":2,"column":1242}},"31":{"start":{"line":2,"column":1292},"end":{"line":2,"column":1357}},"32":{"start":{"line":2,"column":1357},"end":{"line":2,"column":1444}},"33":{"start":{"line":2,"column":1444},"end":{"line":2,"column":1966}},"34":{"start":{"line":2,"column":1468},"end":{"line":2,"column":1744}},"35":{"start":{"line":2,"column":1745},"end":{"line":2,"column":1832}},"36":{"start":{"line":2,"column":1832},"end":{"line":2,"column":1852}},"37":{"start":{"line":2,"column":1864},"end":{"line":2,"column":1956}},"38":{"start":{"line":2,"column":1956},"end":{"line":2,"column":1965}},"39":{"start":{"line":2,"column":1966},"end":{"line":2,"column":2027}},"40":{"start":{"line":2,"column":2028},"end":{"line":2,"column":2080}},"41":{"start":{"line":2,"column":2134},"end":{"line":2,"column":2204}},"42":{"start":{"line":2,"column":2204},"end":{"line":2,"column":2763}},"43":{"start":{"line":2,"column":2234},"end":{"line":2,"column":2515}},"44":{"start":{"line":2,"column":2516},"end":{"line":2,"column":2613}},"45":{"start":{"line":2,"column":2613},"end":{"line":2,"column":2639}},"46":{"start":{"line":2,"column":2651},"end":{"line":2,"column":2753}},"47":{"start":{"line":2,"column":2753},"end":{"line":2,"column":2762}},"48":{"start":{"line":2,"column":2763},"end":{"line":2,"column":2829}},"49":{"start":{"line":2,"column":2830},"end":{"line":2,"column":2892}},"50":{"start":{"line":2,"column":2940},"end":{"line":2,"column":3007}},"51":{"start":{"line":2,"column":3007},"end":{"line":2,"column":3332}},"52":{"start":{"line":2,"column":3027},"end":{"line":2,"column":3102}},"53":{"start":{"line":2,"column":3103},"end":{"line":2,"column":3196}},"54":{"start":{"line":2,"column":3196},"end":{"line":2,"column":3212}},"55":{"start":{"line":2,"column":3224},"end":{"line":2,"column":3322}},"56":{"start":{"line":2,"column":3322},"end":{"line":2,"column":3331}},"57":{"start":{"line":2,"column":3332},"end":{"line":2,"column":3395}},"58":{"start":{"line":2,"column":3396},"end":{"line":2,"column":3452}},"59":{"start":{"line":2,"column":3499},"end":{"line":2,"column":3565}},"60":{"start":{"line":2,"column":3565},"end":{"line":2,"column":3909}},"61":{"start":{"line":2,"column":3584},"end":{"line":2,"column":3686}},"62":{"start":{"line":2,"column":3687},"end":{"line":2,"column":3777}},"63":{"start":{"line":2,"column":3777},"end":{"line":2,"column":3792}},"64":{"start":{"line":2,"column":3804},"end":{"line":2,"column":3899}},"65":{"start":{"line":2,"column":3899},"end":{"line":2,"column":3908}},"66":{"start":{"line":2,"column":3909},"end":{"line":2,"column":3971}},"67":{"start":{"line":2,"column":3972},"end":{"line":2,"column":4026}},"68":{"start":{"line":2,"column":4077},"end":{"line":2,"column":4139}},"69":{"start":{"line":2,"column":4139},"end":{"line":2,"column":4447}},"70":{"start":{"line":2,"column":4169},"end":{"line":2,"column":4218}},"71":{"start":{"line":2,"column":4219},"end":{"line":2,"column":4300}},"72":{"start":{"line":2,"column":4300},"end":{"line":2,"column":4326}},"73":{"start":{"line":2,"column":4338},"end":{"line":2,"column":4437}},"74":{"start":{"line":2,"column":4437},"end":{"line":2,"column":4446}},"75":{"start":{"line":2,"column":4447},"end":{"line":2,"column":4505}},"76":{"start":{"line":2,"column":4506},"end":{"line":2,"column":4552}},"77":{"start":{"line":2,"column":4600},"end":{"line":2,"column":4664}},"78":{"start":{"line":2,"column":4674},"end":{"line":2,"column":4694}},"79":{"start":{"line":2,"column":4712},"end":{"line":2,"column":4739}},"80":{"start":{"line":2,"column":4753},"end":{"line":2,"column":4776}},"81":{"start":{"line":2,"column":4797},"end":{"line":2,"column":4827}},"82":{"start":{"line":2,"column":4828},"end":{"line":2,"column":5178}},"83":{"start":{"line":2,"column":4852},"end":{"line":2,"column":4929}},"84":{"start":{"line":2,"column":4930},"end":{"line":2,"column":5024}},"85":{"start":{"line":2,"column":5024},"end":{"line":2,"column":5044}},"86":{"start":{"line":2,"column":5056},"end":{"line":2,"column":5168}},"87":{"start":{"line":2,"column":5168},"end":{"line":2,"column":5177}},"88":{"start":{"line":2,"column":5178},"end":{"line":2,"column":5238}},"89":{"start":{"line":2,"column":5239},"end":{"line":2,"column":5289}},"90":{"start":{"line":2,"column":5338},"end":{"line":2,"column":5406}},"91":{"start":{"line":2,"column":5406},"end":{"line":2,"column":5757}},"92":{"start":{"line":2,"column":5426},"end":{"line":2,"column":5527}},"93":{"start":{"line":2,"column":5528},"end":{"line":2,"column":5621}},"94":{"start":{"line":2,"column":5621},"end":{"line":2,"column":5637}},"95":{"start":{"line":2,"column":5649},"end":{"line":2,"column":5747}},"96":{"start":{"line":2,"column":5747},"end":{"line":2,"column":5756}},"97":{"start":{"line":2,"column":5757},"end":{"line":2,"column":5821}},"98":{"start":{"line":2,"column":5822},"end":{"line":2,"column":5880}},"99":{"start":{"line":2,"column":5880},"end":{"line":2,"column":6056}}},"fnMap":{"0":{"name":"(anonymous_0)","decl":{"start":{"line":1,"column":109},"end":{"line":1,"column":110}},"loc":{"start":{"line":1,"column":113},"end":{"line":3,"column":1}},"line":1},"1":{"name":"(anonymous_1)","decl":{"start":{"line":2,"column":198},"end":{"line":2,"column":199}},"loc":{"start":{"line":2,"column":214},"end":{"line":2,"column":264}},"line":2},"2":{"name":"(anonymous_2)","decl":{"start":{"line":2,"column":278},"end":{"line":2,"column":279}},"loc":{"start":{"line":2,"column":292},"end":{"line":2,"column":368}},"line":2},"3":{"name":"(anonymous_3)","decl":{"start":{"line":2,"column":385},"end":{"line":2,"column":386}},"loc":{"start":{"line":2,"column":408},"end":{"line":2,"column":662}},"line":2},"4":{"name":"(anonymous_4)","decl":{"start":{"line":2,"column":573},"end":{"line":2,"column":574}},"loc":{"start":{"line":2,"column":577},"end":{"line":2,"column":586}},"line":2},"5":{"name":"(anonymous_5)","decl":{"start":{"line":2,"column":680},"end":{"line":2,"column":681}},"loc":{"start":{"line":2,"column":685},"end":{"line":2,"column":741}},"line":2},"6":{"name":"(anonymous_6)","decl":{"start":{"line":2,"column":831},"end":{"line":2,"column":832}},"loc":{"start":{"line":2,"column":835},"end":{"line":2,"column":860}},"line":2},"7":{"name":"(anonymous_7)","decl":{"start":{"line":2,"column":883},"end":{"line":2,"column":884}},"loc":{"start":{"line":2,"column":887},"end":{"line":2,"column":908}},"line":2},"8":{"name":"(anonymous_8)","decl":{"start":{"line":2,"column":930},"end":{"line":2,"column":931}},"loc":{"start":{"line":2,"column":934},"end":{"line":2,"column":954}},"line":2},"9":{"name":"(anonymous_9)","decl":{"start":{"line":2,"column":979},"end":{"line":2,"column":980}},"loc":{"start":{"line":2,"column":983},"end":{"line":2,"column":1006}},"line":2},"10":{"name":"(anonymous_10)","decl":{"start":{"line":2,"column":1025},"end":{"line":2,"column":1026}},"loc":{"start":{"line":2,"column":1029},"end":{"line":2,"column":1046}},"line":2},"11":{"name":"(anonymous_11)","decl":{"start":{"line":2,"column":1070},"end":{"line":2,"column":1071}},"loc":{"start":{"line":2,"column":1074},"end":{"line":2,"column":1096}},"line":2},"12":{"name":"(anonymous_12)","decl":{"start":{"line":2,"column":1117},"end":{"line":2,"column":1118}},"loc":{"start":{"line":2,"column":1121},"end":{"line":2,"column":1140}},"line":2},"13":{"name":"crearProyectoService","decl":{"start":{"line":2,"column":1258},"end":{"line":2,"column":1278}},"loc":{"start":{"line":2,"column":1291},"end":{"line":2,"column":2028}},"line":2},"14":{"name":"actualizarProyectoService","decl":{"start":{"line":2,"column":2095},"end":{"line":2,"column":2120}},"loc":{"start":{"line":2,"column":2133},"end":{"line":2,"column":2830}},"line":2},"15":{"name":"listarProyectosService","decl":{"start":{"line":2,"column":2907},"end":{"line":2,"column":2929}},"loc":{"start":{"line":2,"column":2939},"end":{"line":2,"column":3396}},"line":2},"16":{"name":"cargarProyectoService","decl":{"start":{"line":2,"column":3467},"end":{"line":2,"column":3488}},"loc":{"start":{"line":2,"column":3498},"end":{"line":2,"column":3972}},"line":2},"17":{"name":"guardarTxtService","decl":{"start":{"line":2,"column":4041},"end":{"line":2,"column":4058}},"loc":{"start":{"line":2,"column":4076},"end":{"line":2,"column":4506}},"line":2},"18":{"name":"nuevaVersionService","decl":{"start":{"line":2,"column":4567},"end":{"line":2,"column":4586}},"loc":{"start":{"line":2,"column":4599},"end":{"line":2,"column":5239}},"line":2},"19":{"name":"eliminarProyectoService","decl":{"start":{"line":2,"column":5304},"end":{"line":2,"column":5327}},"loc":{"start":{"line":2,"column":5337},"end":{"line":2,"column":5822}},"line":2}},"branchMap":{"0":{"loc":{"start":{"line":2,"column":409},"end":{"line":2,"column":652}},"type":"if","locations":[{"start":{"line":2,"column":409},"end":{"line":2,"column":652}},{"start":{},"end":{}}],"line":2},"1":{"loc":{"start":{"line":2,"column":412},"end":{"line":2,"column":466}},"type":"binary-expr","locations":[{"start":{"line":2,"column":412},"end":{"line":2,"column":416}},{"start":{"line":2,"column":418},"end":{"line":2,"column":440}},{"start":{"line":2,"column":442},"end":{"line":2,"column":466}}],"line":2},"2":{"loc":{"start":{"line":2,"column":507},"end":{"line":2,"column":651}},"type":"if","locations":[{"start":{"line":2,"column":507},"end":{"line":2,"column":651}},{"start":{},"end":{}}],"line":2},"3":{"loc":{"start":{"line":2,"column":510},"end":{"line":2,"column":550}},"type":"binary-expr","locations":[{"start":{"line":2,"column":510},"end":{"line":2,"column":536}},{"start":{"line":2,"column":538},"end":{"line":2,"column":550}}],"line":2},"4":{"loc":{"start":{"line":2,"column":598},"end":{"line":2,"column":649}},"type":"binary-expr","locations":[{"start":{"line":2,"column":598},"end":{"line":2,"column":632}},{"start":{"line":2,"column":634},"end":{"line":2,"column":649}}],"line":2},"5":{"loc":{"start":{"line":2,"column":3069},"end":{"line":2,"column":3101}},"type":"binary-expr","locations":[{"start":{"line":2,"column":3069},"end":{"line":2,"column":3098}},{"start":{"line":2,"column":3100},"end":{"line":2,"column":3101}}],"line":2},"6":{"loc":{"start":{"line":2,"column":5880},"end":{"line":2,"column":6055}},"type":"binary-expr","locations":[{"start":{"line":2,"column":5880},"end":{"line":2,"column":5881}},{"start":{"line":2,"column":5884},"end":{"line":2,"column":6054}}],"line":2}},"s":{"0":4,"1":4,"2":4,"3":4,"4":4,"5":4,"6":4,"7":28,"8":4,"9":4,"10":28,"11":4,"12":4,"13":4,"14":28,"15":28,"16":7,"17":4,"18":4,"19":4,"20":4,"21":4,"22":1,"23":1,"24":1,"25":1,"26":1,"27":1,"28":1,"29":4,"30":4,"31":1,"32":1,"33":1,"34":1,"35":1,"36":1,"37":0,"38":0,"39":0,"40":4,"41":1,"42":1,"43":1,"44":1,"45":1,"46":0,"47":0,"48":0,"49":4,"50":1,"51":1,"52":1,"53":1,"54":1,"55":0,"56":0,"57":0,"58":4,"59":1,"60":1,"61":1,"62":1,"63":1,"64":0,"65":0,"66":0,"67":4,"68":1,"69":1,"70":1,"71":1,"72":1,"73":0,"74":0,"75":0,"76":4,"77":1,"78":1,"79":1,"80":1,"81":1,"82":1,"83":1,"84":1,"85":1,"86":0,"87":0,"88":0,"89":4,"90":1,"91":1,"92":1,"93":1,"94":1,"95":0,"96":0,"97":0,"98":4,"99":4},"f":{"0":4,"1":28,"2":4,"3":4,"4":7,"5":4,"6":1,"7":1,"8":1,"9":1,"10":1,"11":1,"12":1,"13":1,"14":1,"15":1,"16":1,"17":1,"18":1,"19":1},"b":{"0":[4,0],"1":[4,4,0],"2":[28,0],"3":[28,28],"4":[28,28],"5":[1,0],"6":[4,0]},"inputSourceMap":{"version":3,"mappings":";suBAAA,wdAQO,6BAEP,eAAsB,qBAAqB,YAAkB,CACzD,QAAQ,IAAI,mDAAmD,EAC/D,QAAQ,IAAI,8DAA+D,WAAW,EACtF,GAAI,CACA,MAAM,cAAgB,QAAM,2BACxB,YAAY,WACZ,YAAY,eACZ,YAAY,oBACZ,YAAY,WACZ,WAAW,YAAY,SAAS,EAChC,WAAW,YAAY,YAAY,EACnC,WAAW,YAAY,UAAU,EACjC,YAAY,iBAChB,EACA,QAAQ,IAAI,yEAAyE,EACrF,OAAO,aACX,OAAS,IAAK,CACV,QAAQ,MAAM,yEAA0E,GAAG,EAC3F,MAAM,GACV,CACA,QAAQ,IAAI,gDAAgD,CAChE,CArBsB,oDAuBtB,eAAsB,0BAA0B,YAAkB,CAC9D,QAAQ,IAAI,wDAAwD,EACpE,GAAI,CACA,MAAM,oBAAsB,QAAM,8BAC9B,YAAY,KAAK,IACjB,YAAY,KAAK,WACjB,YAAY,KAAK,OACjB,YAAY,KAAK,QACjB,YAAY,KAAK,YACjB,YAAY,KAAK,WACjB,YAAY,KAAK,cACjB,YAAY,KAAK,aACjB,YAAY,KAAK,SACrB,EACA,QAAQ,IAAI,mFAAmF,EAC/F,OAAO,mBACX,OAAS,IAAK,CACV,QAAQ,MAAM,mFAAoF,GAAG,EACrG,MAAM,GACV,CACA,QAAQ,IAAI,qDAAqD,CACrE,CArBsB,8DAuBtB,eAAsB,uBAAuB,SAAe,CACxD,QAAQ,IAAI,qDAAqD,EACjE,GAAI,CACA,MAAM,UAAY,QAAM,kCACpB,SAAS,QAAQ,WAAW,GAAK,CACrC,EACA,QAAQ,IAAI,+EAA+E,EAC3F,OAAO,SACX,OAAS,IAAK,CACV,QAAQ,MAAM,+EAAgF,GAAG,EACjG,MAAM,GACV,CACA,QAAQ,IAAI,kDAAkD,CAClE,CAbsB,wDAetB,eAAsB,sBAAsB,SAAe,CACvD,QAAQ,IAAI,oDAAoD,EAChE,GAAI,CACA,MAAM,SAAW,QAAM,+BACnB,SAAS,QAAQ,cAAc,EAC/B,SAAS,QAAQ,WAAW,CAChC,EACA,QAAQ,IAAI,4EAA4E,EACxF,OAAO,QACX,OACO,IAAK,CACR,QAAQ,MAAM,4EAA6E,GAAG,EAC9F,MAAM,GACV,CACA,QAAQ,IAAI,iDAAiD,CACjE,CAfsB,sDAiBtB,eAAsB,kBAAkB,YAAqB,KAAc,CACvE,QAAQ,IAAI,gDAAgD,EAC5D,GAAI,CACA,MAAM,oBAAsB,QAAM,wBAC9B,YACA,IACJ,EACA,QAAQ,IAAI,mEAAmE,EAC/E,OAAO,mBACX,OAAS,IAAK,CACV,QAAQ,MAAM,gFAAiF,GAAG,EAClG,MAAM,GACV,CACA,QAAQ,IAAI,6CAA6C,CAC7D,CAdsB,8CAgBtB,eAAsB,oBAAoB,YAAkB,CACxD,QAAQ,IAAI,kDAAkD,EAC9D,MAAM,IAAM,YAAY,KAAK,IAC7B,MAAM,WAAa,YAAY,KAAK,WACpC,MAAM,OAAS,YAAY,KAAK,OAChC,MAAM,cAAgB,YAAY,KAAK,cACvC,GAAI,CACA,MAAM,cAAgB,QAAM,iCACxB,IACA,WACA,OACA,aACJ,EACA,QAAQ,IAAI,gFAA6E,EACzF,OAAO,aACX,OAAS,IAAK,CACV,QAAQ,MAAM,6FAA2F,GAAG,EAC5G,MAAM,GACV,CACA,QAAQ,IAAI,+CAA+C,CAC/D,CApBsB,kDAsBtB,eAAsB,wBAAwB,SAAe,CACzD,QAAQ,IAAI,sDAAsD,EAClE,GAAI,CACA,MAAM,UAAY,QAAM,8BACpB,SAAS,QAAQ,cAAc,EAC/B,SAAS,QAAQ,WAAW,CAChC,EACA,QAAQ,IAAI,+EAA+E,EAC3F,OAAO,SACX,OAAS,IAAK,CACV,QAAQ,MAAM,+EAAgF,GAAG,EACjG,MAAM,GACV,CACA,QAAQ,IAAI,mDAAmD,CACnE,CAdsB","names":[],"ignoreList":[],"sources":["C:\\Users\\vitin\\Documents\\MyM\\puntalink_info290\\backend\\src\\services\\projectService.ts"],"sourcesContent":[null]},"_coverageSchema":"1a1c01bbd47fc00a2c39e90264f33305004495a9","hash":"f9a030c8bda512181d7b7a6bd5529d6fd005e027","contentHash":"7c556e2239881e9bffa35ccd061ac2548275440f903f66777fb1ebe869d8e028"}}